TRACE [main] 2018-06-20 11:09:09 (BaseJdbcLogger.java:165) <==    Columns: id, proCode, proName, proDesc, proContact, proPhone, proAddress, proFax, createdBy, creationDate, modifyBy, modifyDate
TRACE [main] 2018-06-20 11:09:09 (BaseJdbcLogger.java:165) <==        Row: 1, 123, yuxia, 这是..., 雨夏, 12345678910, 江西, 111-111111, 1, 2018-06-20 10:52:15.0, 1, 2018-06-01 10:52:23.0
TRACE [main] 2018-06-20 11:32:19 (BaseJdbcLogger.java:165) <==    Columns: id, proCode, proName, proDesc, proContact, proPhone, proAddress, proFax, createdBy, creationDate, modifyBy, modifyDate
TRACE [main] 2018-06-20 11:32:19 (BaseJdbcLogger.java:165) <==        Row: 1, 123, yuxia, 这是..., 雨夏, 12345678910, 江西, 111-111111, 1, 2018-06-20 10:52:15.0, 1, 2018-06-01 10:52:23.0
TRACE [main] 2018-06-20 11:32:46 (BaseJdbcLogger.java:165) <==    Columns: id, proCode, proName, proDesc, proContact, proPhone, proAddress, proFax, createdBy, creationDate, modifyBy, modifyDate
TRACE [main] 2018-06-20 11:32:46 (BaseJdbcLogger.java:165) <==        Row: 1, 123, yuxia, 这是..., 雨夏, 12345678910, 江西, 111-111111, 1, 2018-06-20 10:52:15.0, 1, 2018-06-01 10:52:23.0
TRACE [main] 2018-06-20 11:32:46 (BaseJdbcLogger.java:165) <==    Columns: id, proCode, proName, proDesc, proContact, proPhone, proAddress, proFax, createdBy, creationDate, modifyBy, modifyDate
TRACE [main] 2018-06-20 11:32:46 (BaseJdbcLogger.java:165) <==        Row: 1, 123, yuxia, 这是..., 雨夏, 12345678910, 江西, 111-111111, 1, 2018-06-20 10:52:15.0, 1, 2018-06-01 10:52:23.0
TRACE [main] 2018-06-20 11:52:08 (BaseJdbcLogger.java:165) <==    Columns: id, proCode, proName, proDesc, proContact, proPhone, proAddress, proFax, createdBy, creationDate, modifyBy, modifyDate
TRACE [main] 2018-06-20 11:52:08 (BaseJdbcLogger.java:165) <==        Row: 1, 123, yuxia, 这是..., 雨夏, 12345678910, 江西, 111-111111, 1, 2018-06-20 10:52:15.0, 1, 2018-06-01 10:52:23.0
TRACE [main] 2018-06-20 11:52:08 (BaseJdbcLogger.java:165) <==    Columns: id, proCode, proName, proDesc, proContact, proPhone, proAddress, proFax, createdBy, creationDate, modifyBy, modifyDate
TRACE [main] 2018-06-20 11:52:08 (BaseJdbcLogger.java:165) <==        Row: 1, 123, yuxia, 这是..., 雨夏, 12345678910, 江西, 111-111111, 1, 2018-06-20 10:52:15.0, 1, 2018-06-01 10:52:23.0
TRACE [main] 2018-06-20 11:57:05 (BaseJdbcLogger.java:165) <==    Columns: id, proCode, proName, proDesc, proContact, proPhone, proAddress, proFax, createdBy, creationDate, modifyBy, modifyDate
TRACE [main] 2018-06-20 11:57:05 (BaseJdbcLogger.java:165) <==        Row: 1, 123, yuxia, 这是..., 雨夏, 12345678910, 江西, 111-111111, 1, 2018-06-20 10:52:15.0, 1, 2018-06-01 10:52:23.0
TRACE [main] 2018-06-20 11:57:05 (BaseJdbcLogger.java:165) <==    Columns: id, proCode, proName, proDesc, proContact, proPhone, proAddress, proFax, createdBy, creationDate, modifyBy, modifyDate
TRACE [main] 2018-06-20 11:57:05 (BaseJdbcLogger.java:165) <==        Row: 1, 123, yuxia, 这是..., 雨夏, 12345678910, 江西, 111-111111, 1, 2018-06-20 10:52:15.0, 1, 2018-06-01 10:52:23.0
TRACE [main] 2018-06-20 11:57:58 (BaseJdbcLogger.java:165) <==    Columns: id, proCode, proName, proDesc, proContact, proPhone, proAddress, proFax, createdBy, creationDate, modifyBy, modifyDate
TRACE [main] 2018-06-20 11:57:58 (BaseJdbcLogger.java:165) <==        Row: 1, 123, yuxia, 这是..., 雨夏, 12345678910, 江西, 111-111111, 1, 2018-06-20 10:52:15.0, 1, 2018-06-01 10:52:23.0
TRACE [main] 2018-06-20 11:57:58 (BaseJdbcLogger.java:165) <==    Columns: id, proCode, proName, proDesc, proContact, proPhone, proAddress, proFax, createdBy, creationDate, modifyBy, modifyDate
TRACE [main] 2018-06-20 11:57:58 (BaseJdbcLogger.java:165) <==        Row: 1, 123, yuxia, 这是..., 雨夏, 12345678910, 江西, 111-111111, 1, 2018-06-20 10:52:15.0, 1, 2018-06-01 10:52:23.0
TRACE [main] 2018-06-20 11:58:38 (BaseJdbcLogger.java:165) <==    Columns: id, proCode, proName, proDesc, proContact, proPhone, proAddress, proFax, createdBy, creationDate, modifyBy, modifyDate
TRACE [main] 2018-06-20 11:58:38 (BaseJdbcLogger.java:165) <==        Row: 1, 123, yuxia, 这是..., 雨夏, 12345678910, 江西, 111-111111, 1, 2018-06-20 10:52:15.0, 1, 2018-06-01 10:52:23.0
TRACE [main] 2018-06-20 11:58:38 (BaseJdbcLogger.java:165) <==    Columns: id, proCode, proName, proDesc, proContact, proPhone, proAddress, proFax, createdBy, creationDate, modifyBy, modifyDate
TRACE [main] 2018-06-20 11:58:38 (BaseJdbcLogger.java:165) <==        Row: 1, 123, yuxia, 这是..., 雨夏, 12345678910, 江西, 111-111111, 1, 2018-06-20 10:52:15.0, 1, 2018-06-01 10:52:23.0
TRACE [main] 2018-06-20 11:59:45 (BaseJdbcLogger.java:165) <==    Columns: id, proCode, proName, proDesc, proContact, proPhone, proAddress, proFax, createdBy, creationDate, modifyBy, modifyDate
TRACE [main] 2018-06-20 11:59:45 (BaseJdbcLogger.java:165) <==        Row: 1, 123, yuxia, 这是..., 雨夏, 12345678910, 江西, 111-111111, 1, 2018-06-20 10:52:15.0, 1, 2018-06-01 10:52:23.0
TRACE [main] 2018-06-20 11:59:45 (BaseJdbcLogger.java:165) <==    Columns: id, proCode, proName, proDesc, proContact, proPhone, proAddress, proFax, createdBy, creationDate, modifyBy, modifyDate
TRACE [main] 2018-06-20 11:59:45 (BaseJdbcLogger.java:165) <==        Row: 1, 123, yuxia, 这是..., 雨夏, 12345678910, 江西, 111-111111, 1, 2018-06-20 10:52:15.0, 1, 2018-06-01 10:52:23.0
TRACE [main] 2018-06-20 12:30:57 (BaseJdbcLogger.java:165) <==    Columns: id, proCode, proName, proDesc, proContact, proPhone, proAddress, proFax, createdBy, creationDate, modifyBy, modifyDate
TRACE [main] 2018-06-20 12:30:57 (BaseJdbcLogger.java:165) <==        Row: 1, 123, yuxia, 这是..., 雨夏, 12345678910, 江西, 111-111111, 1, 2018-06-20 10:52:15.0, 1, 2018-06-01 10:52:23.0
TRACE [main] 2018-06-20 12:32:05 (BaseJdbcLogger.java:165) <==    Columns: id, proCode, proName, proDesc, proContact, proPhone, proAddress, proFax, createdBy, creationDate, modifyBy, modifyDate
TRACE [main] 2018-06-20 12:32:05 (BaseJdbcLogger.java:165) <==        Row: 1, 123, yuxia, 这是..., 雨夏, 12345678910, 江西, 111-111111, 1, 2018-06-20 10:52:15.0, 1, 2018-06-01 10:52:23.0
TRACE [main] 2018-06-20 12:32:05 (BaseJdbcLogger.java:165) <==    Columns: id, proCode, proName, proDesc, proContact, proPhone, proAddress, proFax, createdBy, creationDate, modifyBy, modifyDate
TRACE [main] 2018-06-20 12:32:05 (BaseJdbcLogger.java:165) <==        Row: 1, 123, yuxia, 这是..., 雨夏, 12345678910, 江西, 111-111111, 1, 2018-06-20 10:52:15.0, 1, 2018-06-01 10:52:23.0
TRACE [main] 2018-06-20 12:32:19 (BaseJdbcLogger.java:165) <==    Columns: id, proCode, proName, proDesc, proContact, proPhone, proAddress, proFax, createdBy, creationDate, modifyBy, modifyDate
TRACE [main] 2018-06-20 12:32:19 (BaseJdbcLogger.java:165) <==        Row: 1, 123, yuxia, 这是..., 雨夏, 12345678910, 江西, 111-111111, 1, 2018-06-20 10:52:15.0, 1, 2018-06-01 10:52:23.0
TRACE [main] 2018-06-20 12:32:19 (BaseJdbcLogger.java:165) <==    Columns: id, proCode, proName, proDesc, proContact, proPhone, proAddress, proFax, createdBy, creationDate, modifyBy, modifyDate
TRACE [main] 2018-06-20 12:32:19 (BaseJdbcLogger.java:165) <==        Row: 1, 123, yuxia, 这是..., 雨夏, 12345678910, 江西, 111-111111, 1, 2018-06-20 10:52:15.0, 1, 2018-06-01 10:52:23.0
TRACE [main] 2018-06-20 12:32:29 (BaseJdbcLogger.java:165) <==    Columns: id, proCode, proName, proDesc, proContact, proPhone, proAddress, proFax, createdBy, creationDate, modifyBy, modifyDate
TRACE [main] 2018-06-20 12:32:29 (BaseJdbcLogger.java:165) <==        Row: 1, 123, yuxia, 这是..., 雨夏, 12345678910, 江西, 111-111111, 1, 2018-06-20 10:52:15.0, 1, 2018-06-01 10:52:23.0
TRACE [main] 2018-06-20 12:32:29 (BaseJdbcLogger.java:165) <==    Columns: id, proCode, proName, proDesc, proContact, proPhone, proAddress, proFax, createdBy, creationDate, modifyBy, modifyDate
TRACE [main] 2018-06-20 12:32:29 (BaseJdbcLogger.java:165) <==        Row: 1, 123, yuxia, 这是..., 雨夏, 12345678910, 江西, 111-111111, 1, 2018-06-20 10:52:15.0, 1, 2018-06-01 10:52:23.0
TRACE [main] 2018-06-20 12:32:29 (BaseJdbcLogger.java:165) <==    Columns: id, proCode, proName, proDesc, proContact, proPhone, proAddress, proFax, createdBy, creationDate, modifyBy, modifyDate
TRACE [main] 2018-06-20 12:32:29 (BaseJdbcLogger.java:165) <==        Row: 1, 123, yuxia, 这是..., 雨夏, 12345678910, 江西, 111-111111, 1, 2018-06-20 10:52:15.0, 1, 2018-06-01 10:52:23.0
TRACE [main] 2018-06-20 14:46:35 (BaseJdbcLogger.java:165) <==    Columns: id, proCode, proName, proDesc, proContact, proPhone, proAddress, proFax, createdBy, creationDate, modifyBy, modifyDate
TRACE [main] 2018-06-20 14:46:35 (BaseJdbcLogger.java:165) <==        Row: 1, 123, yuxia, 这是..., 雨夏, 12345678910, 江西, 111-111111, 1, 2018-06-20 10:52:15.0, 1, 2018-06-01 10:52:23.0
TRACE [main] 2018-06-20 14:46:35 (BaseJdbcLogger.java:165) <==    Columns: id, proCode, proName, proDesc, proContact, proPhone, proAddress, proFax, createdBy, creationDate, modifyBy, modifyDate
TRACE [main] 2018-06-20 14:46:35 (BaseJdbcLogger.java:165) <==        Row: 1, 123, yuxia, 这是..., 雨夏, 12345678910, 江西, 111-111111, 1, 2018-06-20 10:52:15.0, 1, 2018-06-01 10:52:23.0
TRACE [main] 2018-06-20 14:46:35 (BaseJdbcLogger.java:165) <==    Columns: id, proCode, proName, proDesc, proContact, proPhone, proAddress, proFax, createdBy, creationDate, modifyBy, modifyDate
TRACE [main] 2018-06-20 14:46:35 (BaseJdbcLogger.java:165) <==        Row: 1, 123, yuxia, 这是..., 雨夏, 12345678910, 江西, 111-111111, 1, 2018-06-20 10:52:15.0, 1, 2018-06-01 10:52:23.0
TRACE [main] 2018-06-20 16:17:53 (BaseJdbcLogger.java:165) <==    Columns: id, billCode, productName, productDesc, productUnit, productCount, totalPrice, isPayment, providerId, createdBy, creationDate, modifyBy, modifyDate, proName
TRACE [main] 2018-06-20 16:17:53 (BaseJdbcLogger.java:165) <==        Row: 1, 6666666, 肥宅片, 乐事, 呃, 10.00, 60.00, 2, 1, 1, 2018-06-13 15:40:21.0, 1, 2018-06-04 15:40:25.0, yuxia
TRACE [main] 2018-06-20 16:17:53 (BaseJdbcLogger.java:165) <==    Columns: id, billCode, productName, productDesc, productUnit, productCount, totalPrice, isPayment, providerId, createdBy, creationDate, modifyBy, modifyDate, proName
TRACE [main] 2018-06-20 16:17:53 (BaseJdbcLogger.java:165) <==        Row: 1, 6666666, 肥宅片, 乐事, 呃, 10.00, 60.00, 2, 1, 1, 2018-06-13 15:40:21.0, 1, 2018-06-04 15:40:25.0, yuxia
TRACE [main] 2018-06-20 16:18:15 (BaseJdbcLogger.java:165) <==    Columns: id, billCode, productName, productDesc, productUnit, productCount, totalPrice, isPayment, providerId, createdBy, creationDate, modifyBy, modifyDate, proName
TRACE [main] 2018-06-20 16:18:15 (BaseJdbcLogger.java:165) <==        Row: 1, 6666666, 肥宅片, 乐事, 呃, 10.00, 60.00, 2, 1, 1, 2018-06-13 15:40:21.0, 1, 2018-06-04 15:40:25.0, yuxia
TRACE [main] 2018-06-20 16:18:15 (BaseJdbcLogger.java:165) <==    Columns: id, billCode, productName, productDesc, productUnit, productCount, totalPrice, isPayment, providerId, createdBy, creationDate, modifyBy, modifyDate, proName
TRACE [main] 2018-06-20 16:18:15 (BaseJdbcLogger.java:165) <==        Row: 1, 6666666, 肥宅片, 乐事, 呃, 10.00, 60.00, 2, 1, 1, 2018-06-13 15:40:21.0, 1, 2018-06-04 15:40:25.0, yuxia
TRACE [main] 2018-06-20 16:22:23 (BaseJdbcLogger.java:165) <==    Columns: id, billCode, productName, productDesc, productUnit, productCount, totalPrice, isPayment, providerId, createdBy, creationDate, modifyBy, modifyDate, proName
TRACE [main] 2018-06-20 16:22:23 (BaseJdbcLogger.java:165) <==        Row: 1, 6666666, 肥宅片, 乐事, 呃, 10.00, 60.00, 2, 1, 1, 2018-06-13 15:40:21.0, 1, 2018-06-04 15:40:25.0, yuxia
TRACE [main] 2018-06-20 16:22:23 (BaseJdbcLogger.java:165) <==        Row: 2, 2222222, 外婆家的薯片, 薯片, 呃, 100.00, 200.00, 1, 1, 1, 2018-05-28 16:21:57.0, 1, 2018-06-20 16:22:01.0, yuxia
TRACE [main] 2018-06-20 16:22:23 (BaseJdbcLogger.java:165) <==    Columns: id, billCode, productName, productDesc, productUnit, productCount, totalPrice, isPayment, providerId, createdBy, creationDate, modifyBy, modifyDate, proName
TRACE [main] 2018-06-20 16:22:23 (BaseJdbcLogger.java:165) <==        Row: 1, 6666666, 肥宅片, 乐事, 呃, 10.00, 60.00, 2, 1, 1, 2018-06-13 15:40:21.0, 1, 2018-06-04 15:40:25.0, yuxia
TRACE [main] 2018-06-20 16:22:23 (BaseJdbcLogger.java:165) <==        Row: 2, 2222222, 外婆家的薯片, 薯片, 呃, 100.00, 200.00, 1, 1, 1, 2018-05-28 16:21:57.0, 1, 2018-06-20 16:22:01.0, yuxia
TRACE [main] 2018-06-20 16:22:23 (BaseJdbcLogger.java:165) <==    Columns: id, billCode, productName, productDesc, productUnit, productCount, totalPrice, isPayment, providerId, createdBy, creationDate, modifyBy, modifyDate, proName
TRACE [main] 2018-06-20 16:22:23 (BaseJdbcLogger.java:165) <==        Row: 2, 2222222, 外婆家的薯片, 薯片, 呃, 100.00, 200.00, 1, 1, 1, 2018-05-28 16:21:57.0, 1, 2018-06-20 16:22:01.0, yuxia
TRACE [main] 2018-06-20 16:24:37 (BaseJdbcLogger.java:165) <==    Columns: id, billCode, productName, productDesc, productUnit, productCount, totalPrice, isPayment, providerId, createdBy, creationDate, modifyBy, modifyDate, proName
TRACE [main] 2018-06-20 16:24:37 (BaseJdbcLogger.java:165) <==        Row: 1, 6666666, 肥宅片, 乐事, 呃, 10.00, 60.00, 2, 1, 1, 2018-06-13 15:40:21.0, 1, 2018-06-04 15:40:25.0, yuxia
TRACE [main] 2018-06-20 16:24:37 (BaseJdbcLogger.java:165) <==        Row: 2, 2222222, 外婆家的薯片, 薯片, 呃, 100.00, 200.00, 1, 1, 1, 2018-05-28 16:21:57.0, 1, 2018-06-20 16:22:01.0, yuxia
TRACE [main] 2018-06-20 16:24:37 (BaseJdbcLogger.java:165) <==    Columns: id, billCode, productName, productDesc, productUnit, productCount, totalPrice, isPayment, providerId, createdBy, creationDate, modifyBy, modifyDate, proName
TRACE [main] 2018-06-20 16:24:37 (BaseJdbcLogger.java:165) <==        Row: 1, 6666666, 肥宅片, 乐事, 呃, 10.00, 60.00, 2, 1, 1, 2018-06-13 15:40:21.0, 1, 2018-06-04 15:40:25.0, yuxia
TRACE [main] 2018-06-20 16:24:37 (BaseJdbcLogger.java:165) <==        Row: 2, 2222222, 外婆家的薯片, 薯片, 呃, 100.00, 200.00, 1, 1, 1, 2018-05-28 16:21:57.0, 1, 2018-06-20 16:22:01.0, yuxia
TRACE [main] 2018-06-20 16:24:37 (BaseJdbcLogger.java:165) <==    Columns: id, billCode, productName, productDesc, productUnit, productCount, totalPrice, isPayment, providerId, createdBy, creationDate, modifyBy, modifyDate, proName
TRACE [main] 2018-06-20 16:24:37 (BaseJdbcLogger.java:165) <==        Row: 2, 2222222, 外婆家的薯片, 薯片, 呃, 100.00, 200.00, 1, 1, 1, 2018-05-28 16:21:57.0, 1, 2018-06-20 16:22:01.0, yuxia
TRACE [main] 2018-06-20 16:28:49 (BaseJdbcLogger.java:165) <==    Columns: id, billCode, productName, productDesc, productUnit, productCount, totalPrice, isPayment, providerId, createdBy, creationDate, modifyBy, modifyDate, proName
TRACE [main] 2018-06-20 16:28:49 (BaseJdbcLogger.java:165) <==        Row: 1, 6666666, 肥宅片, 乐事, 呃, 10.00, 60.00, 2, 1, 1, 2018-06-13 15:40:21.0, 1, 2018-06-04 15:40:25.0, yuxia
TRACE [main] 2018-06-20 16:28:49 (BaseJdbcLogger.java:165) <==        Row: 2, 2222222, 外婆家的薯片, 薯片, 呃, 100.00, 200.00, 1, 1, 1, 2018-05-28 16:21:57.0, 1, 2018-06-20 16:22:01.0, yuxia
TRACE [main] 2018-06-20 16:28:49 (BaseJdbcLogger.java:165) <==    Columns: id, billCode, productName, productDesc, productUnit, productCount, totalPrice, isPayment, providerId, createdBy, creationDate, modifyBy, modifyDate, proName
TRACE [main] 2018-06-20 16:28:49 (BaseJdbcLogger.java:165) <==        Row: 1, 6666666, 肥宅片, 乐事, 呃, 10.00, 60.00, 2, 1, 1, 2018-06-13 15:40:21.0, 1, 2018-06-04 15:40:25.0, yuxia
TRACE [main] 2018-06-20 16:28:49 (BaseJdbcLogger.java:165) <==        Row: 2, 2222222, 外婆家的薯片, 薯片, 呃, 100.00, 200.00, 1, 1, 1, 2018-05-28 16:21:57.0, 1, 2018-06-20 16:22:01.0, yuxia
TRACE [main] 2018-06-20 16:28:49 (BaseJdbcLogger.java:165) <==    Columns: id, billCode, productName, productDesc, productUnit, productCount, totalPrice, isPayment, providerId, createdBy, creationDate, modifyBy, modifyDate, proName
TRACE [main] 2018-06-20 16:28:49 (BaseJdbcLogger.java:165) <==        Row: 2, 2222222, 外婆家的薯片, 薯片, 呃, 100.00, 200.00, 1, 1, 1, 2018-05-28 16:21:57.0, 1, 2018-06-20 16:22:01.0, yuxia
TRACE [main] 2018-06-20 16:37:09 (BaseJdbcLogger.java:165) <==    Columns: id, billCode, productName, productDesc, productUnit, productCount, totalPrice, isPayment, providerId, createdBy, creationDate, modifyBy, modifyDate, proName
TRACE [main] 2018-06-20 16:37:09 (BaseJdbcLogger.java:165) <==        Row: 1, 6666666, 肥宅片, 乐事, 呃, 10.00, 60.00, 2, 1, 1, 2018-06-13 15:40:21.0, 1, 2018-06-04 15:40:25.0, yuxia
TRACE [main] 2018-06-20 16:37:09 (BaseJdbcLogger.java:165) <==        Row: 2, 2222222, 外婆家的薯片, 薯片, 呃, 100.00, 200.00, 1, 1, 1, 2018-05-28 16:21:57.0, 1, 2018-06-20 16:22:01.0, yuxia
TRACE [main] 2018-06-20 16:37:09 (BaseJdbcLogger.java:165) <==    Columns: id, billCode, productName, productDesc, productUnit, productCount, totalPrice, isPayment, providerId, createdBy, creationDate, modifyBy, modifyDate, proName
TRACE [main] 2018-06-20 16:37:09 (BaseJdbcLogger.java:165) <==        Row: 1, 6666666, 肥宅片, 乐事, 呃, 10.00, 60.00, 2, 1, 1, 2018-06-13 15:40:21.0, 1, 2018-06-04 15:40:25.0, yuxia
TRACE [main] 2018-06-20 16:37:09 (BaseJdbcLogger.java:165) <==        Row: 2, 2222222, 外婆家的薯片, 薯片, 呃, 100.00, 200.00, 1, 1, 1, 2018-05-28 16:21:57.0, 1, 2018-06-20 16:22:01.0, yuxia
TRACE [main] 2018-06-20 16:37:09 (BaseJdbcLogger.java:165) <==    Columns: id, billCode, productName, productDesc, productUnit, productCount, totalPrice, isPayment, providerId, createdBy, creationDate, modifyBy, modifyDate, proName
TRACE [main] 2018-06-20 16:37:09 (BaseJdbcLogger.java:165) <==        Row: 2, 2222222, 外婆家的薯片, 薯片, 呃, 100.00, 200.00, 1, 1, 1, 2018-05-28 16:21:57.0, 1, 2018-06-20 16:22:01.0, yuxia
TRACE [main] 2018-06-20 16:40:26 (BaseJdbcLogger.java:165) <==    Columns: id, billCode, productName, productDesc, productUnit, productCount, totalPrice, isPayment, providerId, createdBy, creationDate, modifyBy, modifyDate, proName
TRACE [main] 2018-06-20 16:40:26 (BaseJdbcLogger.java:165) <==        Row: 1, 6666666, 肥宅片, 乐事, 呃, 10.00, 60.00, 2, 1, 1, 2018-06-13 15:40:21.0, 1, 2018-06-04 15:40:25.0, yuxia
TRACE [main] 2018-06-20 16:40:26 (BaseJdbcLogger.java:165) <==        Row: 2, 2222222, 外婆家的薯片, 薯片, 呃, 100.00, 200.00, 1, 1, 1, 2018-05-28 16:21:57.0, 1, 2018-06-20 16:22:01.0, yuxia
TRACE [main] 2018-06-20 16:40:26 (BaseJdbcLogger.java:165) <==    Columns: id, billCode, productName, productDesc, productUnit, productCount, totalPrice, isPayment, providerId, createdBy, creationDate, modifyBy, modifyDate, proName
TRACE [main] 2018-06-20 16:40:26 (BaseJdbcLogger.java:165) <==        Row: 1, 6666666, 肥宅片, 乐事, 呃, 10.00, 60.00, 2, 1, 1, 2018-06-13 15:40:21.0, 1, 2018-06-04 15:40:25.0, yuxia
TRACE [main] 2018-06-20 16:40:26 (BaseJdbcLogger.java:165) <==        Row: 2, 2222222, 外婆家的薯片, 薯片, 呃, 100.00, 200.00, 1, 1, 1, 2018-05-28 16:21:57.0, 1, 2018-06-20 16:22:01.0, yuxia
TRACE [main] 2018-06-20 16:40:26 (BaseJdbcLogger.java:165) <==    Columns: id, billCode, productName, productDesc, productUnit, productCount, totalPrice, isPayment, providerId, createdBy, creationDate, modifyBy, modifyDate, proName
TRACE [main] 2018-06-20 16:40:26 (BaseJdbcLogger.java:165) <==        Row: 2, 2222222, 外婆家的薯片, 薯片, 呃, 100.00, 200.00, 1, 1, 1, 2018-05-28 16:21:57.0, 1, 2018-06-20 16:22:01.0, yuxia
TRACE [main] 2018-06-20 16:41:07 (BaseJdbcLogger.java:165) <==    Columns: id, billCode, productName, productDesc, productUnit, productCount, totalPrice, isPayment, providerId, createdBy, creationDate, modifyBy, modifyDate, proName
TRACE [main] 2018-06-20 16:41:07 (BaseJdbcLogger.java:165) <==        Row: 1, 6666666, 肥宅片, 乐事, 呃, 10.00, 60.00, 2, 1, 1, 2018-06-13 15:40:21.0, 1, 2018-06-04 15:40:25.0, yuxia
TRACE [main] 2018-06-20 16:41:07 (BaseJdbcLogger.java:165) <==        Row: 2, 2222222, 外婆家的薯片, 薯片, 呃, 100.00, 200.00, 1, 1, 1, 2018-05-28 16:21:57.0, 1, 2018-06-20 16:22:01.0, yuxia
TRACE [main] 2018-06-20 16:41:07 (BaseJdbcLogger.java:165) <==    Columns: id, billCode, productName, productDesc, productUnit, productCount, totalPrice, isPayment, providerId, createdBy, creationDate, modifyBy, modifyDate, proName
TRACE [main] 2018-06-20 16:41:07 (BaseJdbcLogger.java:165) <==        Row: 1, 6666666, 肥宅片, 乐事, 呃, 10.00, 60.00, 2, 1, 1, 2018-06-13 15:40:21.0, 1, 2018-06-04 15:40:25.0, yuxia
TRACE [main] 2018-06-20 16:41:07 (BaseJdbcLogger.java:165) <==        Row: 2, 2222222, 外婆家的薯片, 薯片, 呃, 100.00, 200.00, 1, 1, 1, 2018-05-28 16:21:57.0, 1, 2018-06-20 16:22:01.0, yuxia
TRACE [main] 2018-06-20 16:41:07 (BaseJdbcLogger.java:165) <==    Columns: id, billCode, productName, productDesc, productUnit, productCount, totalPrice, isPayment, providerId, createdBy, creationDate, modifyBy, modifyDate, proName
TRACE [main] 2018-06-20 16:41:07 (BaseJdbcLogger.java:165) <==        Row: 2, 2222222, 外婆家的薯片, 薯片, 呃, 100.00, 200.00, 1, 1, 1, 2018-05-28 16:21:57.0, 1, 2018-06-20 16:22:01.0, yuxia
TRACE [main] 2018-06-20 16:49:07 (BaseJdbcLogger.java:165) <==    Columns: id, billCode, productName, productDesc, productUnit, productCount, totalPrice, isPayment, providerId, createdBy, creationDate, modifyBy, modifyDate, proName
TRACE [main] 2018-06-20 16:49:07 (BaseJdbcLogger.java:165) <==        Row: 1, 6666666, 肥宅片, 乐事, 呃, 10.00, 60.00, 2, 1, 1, 2018-06-13 15:40:21.0, 1, 2018-06-04 15:40:25.0, yuxia
TRACE [main] 2018-06-20 16:49:07 (BaseJdbcLogger.java:165) <==        Row: 2, 2222222, 外婆家的薯片, 薯片, 呃, 100.00, 200.00, 1, 1, 1, 2018-05-28 16:21:57.0, 1, 2018-06-20 16:22:01.0, yuxia
TRACE [main] 2018-06-20 16:49:07 (BaseJdbcLogger.java:165) <==    Columns: id, billCode, productName, productDesc, productUnit, productCount, totalPrice, isPayment, providerId, createdBy, creationDate, modifyBy, modifyDate, proName
TRACE [main] 2018-06-20 16:49:07 (BaseJdbcLogger.java:165) <==        Row: 1, 6666666, 肥宅片, 乐事, 呃, 10.00, 60.00, 2, 1, 1, 2018-06-13 15:40:21.0, 1, 2018-06-04 15:40:25.0, yuxia
TRACE [main] 2018-06-20 16:49:07 (BaseJdbcLogger.java:165) <==        Row: 2, 2222222, 外婆家的薯片, 薯片, 呃, 100.00, 200.00, 1, 1, 1, 2018-05-28 16:21:57.0, 1, 2018-06-20 16:22:01.0, yuxia
TRACE [main] 2018-06-20 16:49:07 (BaseJdbcLogger.java:165) <==    Columns: id, billCode, productName, productDesc, productUnit, productCount, totalPrice, isPayment, providerId, createdBy, creationDate, modifyBy, modifyDate, proName
TRACE [main] 2018-06-20 16:49:07 (BaseJdbcLogger.java:165) <==        Row: 2, 2222222, 外婆家的薯片, 薯片, 呃, 100.00, 200.00, 1, 1, 1, 2018-05-28 16:21:57.0, 1, 2018-06-20 16:22:01.0, yuxia
TRACE [main] 2018-06-20 16:53:57 (BaseJdbcLogger.java:165) <==    Columns: id, billCode, productName, productDesc, productUnit, productCount, totalPrice, isPayment, providerId, createdBy, creationDate, modifyBy, modifyDate, proName
TRACE [main] 2018-06-20 16:53:57 (BaseJdbcLogger.java:165) <==        Row: 1, 6666666, 肥宅片, 乐事, 呃, 10.00, 60.00, 2, 1, 1, 2018-06-13 15:40:21.0, 1, 2018-06-04 15:40:25.0, yuxia
TRACE [main] 2018-06-20 16:53:57 (BaseJdbcLogger.java:165) <==        Row: 2, 2222222, 外婆家的薯片, 薯片, 呃, 100.00, 200.00, 1, 1, 1, 2018-05-28 16:21:57.0, 1, 2018-06-20 16:22:01.0, yuxia
TRACE [main] 2018-06-20 16:53:57 (BaseJdbcLogger.java:165) <==    Columns: id, billCode, productName, productDesc, productUnit, productCount, totalPrice, isPayment, providerId, createdBy, creationDate, modifyBy, modifyDate, proName
TRACE [main] 2018-06-20 16:53:57 (BaseJdbcLogger.java:165) <==        Row: 1, 6666666, 肥宅片, 乐事, 呃, 10.00, 60.00, 2, 1, 1, 2018-06-13 15:40:21.0, 1, 2018-06-04 15:40:25.0, yuxia
TRACE [main] 2018-06-20 16:53:57 (BaseJdbcLogger.java:165) <==        Row: 2, 2222222, 外婆家的薯片, 薯片, 呃, 100.00, 200.00, 1, 1, 1, 2018-05-28 16:21:57.0, 1, 2018-06-20 16:22:01.0, yuxia
TRACE [main] 2018-06-20 16:53:57 (BaseJdbcLogger.java:165) <==    Columns: id, billCode, productName, productDesc, productUnit, productCount, totalPrice, isPayment, providerId, createdBy, creationDate, modifyBy, modifyDate, proName
TRACE [main] 2018-06-20 16:53:57 (BaseJdbcLogger.java:165) <==        Row: 2, 2222222, 外婆家的薯片, 薯片, 呃, 100.00, 200.00, 1, 1, 1, 2018-05-28 16:21:57.0, 1, 2018-06-20 16:22:01.0, yuxia
TRACE [main] 2018-06-20 17:00:12 (BaseJdbcLogger.java:165) <==    Columns: id, billCode, productName, productDesc, productUnit, productCount, totalPrice, isPayment, providerId, createdBy, creationDate, modifyBy, modifyDate, proName
TRACE [main] 2018-06-20 17:00:12 (BaseJdbcLogger.java:165) <==        Row: 1, 6666666, 肥宅片, 乐事, 呃, 10.00, 60.00, 2, 1, 1, 2018-06-13 15:40:21.0, 1, 2018-06-04 15:40:25.0, yuxia
TRACE [main] 2018-06-20 17:00:12 (BaseJdbcLogger.java:165) <==        Row: 2, 2222222, 外婆家的薯片, 薯片, 呃, 100.00, 200.00, 1, 1, 1, 2018-05-28 16:21:57.0, 1, 2018-06-20 16:22:01.0, yuxia
TRACE [main] 2018-06-20 17:00:12 (BaseJdbcLogger.java:165) <==    Columns: id, billCode, productName, productDesc, productUnit, productCount, totalPrice, isPayment, providerId, createdBy, creationDate, modifyBy, modifyDate, proName
TRACE [main] 2018-06-20 17:00:12 (BaseJdbcLogger.java:165) <==        Row: 1, 6666666, 肥宅片, 乐事, 呃, 10.00, 60.00, 2, 1, 1, 2018-06-13 15:40:21.0, 1, 2018-06-04 15:40:25.0, yuxia
TRACE [main] 2018-06-20 17:00:12 (BaseJdbcLogger.java:165) <==        Row: 2, 2222222, 外婆家的薯片, 薯片, 呃, 100.00, 200.00, 1, 1, 1, 2018-05-28 16:21:57.0, 1, 2018-06-20 16:22:01.0, yuxia
TRACE [main] 2018-06-20 17:00:12 (BaseJdbcLogger.java:165) <==    Columns: id, billCode, productName, productDesc, productUnit, productCount, totalPrice, isPayment, providerId, createdBy, creationDate, modifyBy, modifyDate, proName
TRACE [main] 2018-06-20 17:00:12 (BaseJdbcLogger.java:165) <==        Row: 2, 2222222, 外婆家的薯片, 薯片, 呃, 100.00, 200.00, 1, 1, 1, 2018-05-28 16:21:57.0, 1, 2018-06-20 16:22:01.0, yuxia
TRACE [main] 2018-06-20 17:00:45 (BaseJdbcLogger.java:165) <==    Columns: id, billCode, productName, productDesc, productUnit, productCount, totalPrice, isPayment, providerId, createdBy, creationDate, modifyBy, modifyDate, proName
TRACE [main] 2018-06-20 17:00:45 (BaseJdbcLogger.java:165) <==        Row: 1, 6666666, 肥宅片, 乐事, 呃, 10.00, 60.00, 2, 1, 1, 2018-06-13 15:40:21.0, 1, 2018-06-04 15:40:25.0, yuxia
TRACE [main] 2018-06-20 17:00:45 (BaseJdbcLogger.java:165) <==        Row: 2, 2222222, 外婆家的薯片, 薯片, 呃, 100.00, 200.00, 1, 1, 1, 2018-05-28 16:21:57.0, 1, 2018-06-20 16:22:01.0, yuxia
TRACE [main] 2018-06-20 17:00:45 (BaseJdbcLogger.java:165) <==    Columns: id, billCode, productName, productDesc, productUnit, productCount, totalPrice, isPayment, providerId, createdBy, creationDate, modifyBy, modifyDate, proName
TRACE [main] 2018-06-20 17:00:45 (BaseJdbcLogger.java:165) <==        Row: 1, 6666666, 肥宅片, 乐事, 呃, 10.00, 60.00, 2, 1, 1, 2018-06-13 15:40:21.0, 1, 2018-06-04 15:40:25.0, yuxia
TRACE [main] 2018-06-20 17:00:45 (BaseJdbcLogger.java:165) <==        Row: 2, 2222222, 外婆家的薯片, 薯片, 呃, 100.00, 200.00, 1, 1, 1, 2018-05-28 16:21:57.0, 1, 2018-06-20 16:22:01.0, yuxia
TRACE [main] 2018-06-20 17:00:45 (BaseJdbcLogger.java:165) <==    Columns: id, billCode, productName, productDesc, productUnit, productCount, totalPrice, isPayment, providerId, createdBy, creationDate, modifyBy, modifyDate, proName
TRACE [main] 2018-06-20 17:00:45 (BaseJdbcLogger.java:165) <==        Row: 2, 2222222, 外婆家的薯片, 薯片, 呃, 100.00, 200.00, 1, 1, 1, 2018-05-28 16:21:57.0, 1, 2018-06-20 16:22:01.0, yuxia
TRACE [main] 2018-06-20 17:00:59 (BaseJdbcLogger.java:165) <==    Columns: id, billCode, productName, productDesc, productUnit, productCount, totalPrice, isPayment, providerId, createdBy, creationDate, modifyBy, modifyDate, proName
TRACE [main] 2018-06-20 17:00:59 (BaseJdbcLogger.java:165) <==        Row: 1, 6666666, 肥宅片, 乐事, 呃, 10.00, 60.00, 2, 1, 1, 2018-06-13 15:40:21.0, 1, 2018-06-04 15:40:25.0, yuxia
TRACE [main] 2018-06-20 17:00:59 (BaseJdbcLogger.java:165) <==        Row: 2, 2222222, 外婆家的薯片, 薯片, 呃, 100.00, 200.00, 1, 1, 1, 2018-05-28 16:21:57.0, 1, 2018-06-20 16:22:01.0, yuxia
TRACE [main] 2018-06-20 17:00:59 (BaseJdbcLogger.java:165) <==    Columns: id, billCode, productName, productDesc, productUnit, productCount, totalPrice, isPayment, providerId, createdBy, creationDate, modifyBy, modifyDate, proName
TRACE [main] 2018-06-20 17:00:59 (BaseJdbcLogger.java:165) <==        Row: 1, 6666666, 肥宅片, 乐事, 呃, 10.00, 60.00, 2, 1, 1, 2018-06-13 15:40:21.0, 1, 2018-06-04 15:40:25.0, yuxia
TRACE [main] 2018-06-20 17:00:59 (BaseJdbcLogger.java:165) <==        Row: 2, 2222222, 外婆家的薯片, 薯片, 呃, 100.00, 200.00, 1, 1, 1, 2018-05-28 16:21:57.0, 1, 2018-06-20 16:22:01.0, yuxia
TRACE [main] 2018-06-20 17:00:59 (BaseJdbcLogger.java:165) <==    Columns: id, billCode, productName, productDesc, productUnit, productCount, totalPrice, isPayment, providerId, createdBy, creationDate, modifyBy, modifyDate, proName
TRACE [main] 2018-06-20 17:00:59 (BaseJdbcLogger.java:165) <==        Row: 2, 2222222, 外婆家的薯片, 薯片, 呃, 100.00, 200.00, 1, 1, 1, 2018-05-28 16:21:57.0, 1, 2018-06-20 16:22:01.0, yuxia
TRACE [main] 2018-06-20 17:01:31 (BaseJdbcLogger.java:165) <==    Columns: id, billCode, productName, productDesc, productUnit, productCount, totalPrice, isPayment, providerId, createdBy, creationDate, modifyBy, modifyDate, proName
TRACE [main] 2018-06-20 17:01:31 (BaseJdbcLogger.java:165) <==        Row: 1, 6666666, 肥宅片, 乐事, 呃, 10.00, 60.00, 2, 1, 1, 2018-06-13 15:40:21.0, 1, 2018-06-04 15:40:25.0, yuxia
TRACE [main] 2018-06-20 17:01:31 (BaseJdbcLogger.java:165) <==        Row: 2, 2222222, 外婆家的薯片, 薯片, 呃, 100.00, 200.00, 1, 1, 1, 2018-05-28 16:21:57.0, 1, 2018-06-20 16:22:01.0, yuxia
TRACE [main] 2018-06-20 17:01:31 (BaseJdbcLogger.java:165) <==    Columns: id, billCode, productName, productDesc, productUnit, productCount, totalPrice, isPayment, providerId, createdBy, creationDate, modifyBy, modifyDate, proName
TRACE [main] 2018-06-20 17:01:31 (BaseJdbcLogger.java:165) <==        Row: 1, 6666666, 肥宅片, 乐事, 呃, 10.00, 60.00, 2, 1, 1, 2018-06-13 15:40:21.0, 1, 2018-06-04 15:40:25.0, yuxia
TRACE [main] 2018-06-20 17:01:31 (BaseJdbcLogger.java:165) <==        Row: 2, 2222222, 外婆家的薯片, 薯片, 呃, 100.00, 200.00, 1, 1, 1, 2018-05-28 16:21:57.0, 1, 2018-06-20 16:22:01.0, yuxia
TRACE [main] 2018-06-20 17:01:31 (BaseJdbcLogger.java:165) <==    Columns: id, billCode, productName, productDesc, productUnit, productCount, totalPrice, isPayment, providerId, createdBy, creationDate, modifyBy, modifyDate, proName
TRACE [main] 2018-06-20 17:01:31 (BaseJdbcLogger.java:165) <==        Row: 2, 2222222, 外婆家的薯片, 薯片, 呃, 100.00, 200.00, 1, 1, 1, 2018-05-28 16:21:57.0, 1, 2018-06-20 16:22:01.0, yuxia
TRACE [main] 2018-06-20 17:01:31 (BaseJdbcLogger.java:165) <==    Columns: id, billCode, productName, productDesc, productUnit, productCount, totalPrice, isPayment, providerId, createdBy, creationDate, modifyBy, modifyDate, proName
TRACE [main] 2018-06-20 17:01:31 (BaseJdbcLogger.java:165) <==        Row: 2, 2222222, 外婆家的薯片, 薯片, 呃, 100.00, 200.00, 1, 1, 1, 2018-05-28 16:21:57.0, 1, 2018-06-20 16:22:01.0, yuxia
TRACE [main] 2018-06-20 17:01:54 (BaseJdbcLogger.java:165) <==    Columns: id, billCode, productName, productDesc, productUnit, productCount, totalPrice, isPayment, providerId, createdBy, creationDate, modifyBy, modifyDate, proName
TRACE [main] 2018-06-20 17:01:54 (BaseJdbcLogger.java:165) <==        Row: 1, 6666666, 肥宅片, 乐事, 呃, 10.00, 60.00, 2, 1, 1, 2018-06-13 15:40:21.0, 1, 2018-06-04 15:40:25.0, yuxia
TRACE [main] 2018-06-20 17:01:54 (BaseJdbcLogger.java:165) <==        Row: 2, 2222222, 外婆家的薯片, 薯片, 呃, 100.00, 200.00, 1, 1, 1, 2018-05-28 16:21:57.0, 1, 2018-06-20 16:22:01.0, yuxia
TRACE [main] 2018-06-20 17:01:54 (BaseJdbcLogger.java:165) <==    Columns: id, billCode, productName, productDesc, productUnit, productCount, totalPrice, isPayment, providerId, createdBy, creationDate, modifyBy, modifyDate, proName
TRACE [main] 2018-06-20 17:01:54 (BaseJdbcLogger.java:165) <==        Row: 1, 6666666, 肥宅片, 乐事, 呃, 10.00, 60.00, 2, 1, 1, 2018-06-13 15:40:21.0, 1, 2018-06-04 15:40:25.0, yuxia
TRACE [main] 2018-06-20 17:01:54 (BaseJdbcLogger.java:165) <==        Row: 2, 2222222, 外婆家的薯片, 薯片, 呃, 100.00, 200.00, 1, 1, 1, 2018-05-28 16:21:57.0, 1, 2018-06-20 16:22:01.0, yuxia
TRACE [main] 2018-06-20 17:01:54 (BaseJdbcLogger.java:165) <==    Columns: id, billCode, productName, productDesc, productUnit, productCount, totalPrice, isPayment, providerId, createdBy, creationDate, modifyBy, modifyDate, proName
TRACE [main] 2018-06-20 17:01:54 (BaseJdbcLogger.java:165) <==        Row: 2, 2222222, 外婆家的薯片, 薯片, 呃, 100.00, 200.00, 1, 1, 1, 2018-05-28 16:21:57.0, 1, 2018-06-20 16:22:01.0, yuxia
TRACE [main] 2018-06-20 17:02:09 (BaseJdbcLogger.java:165) <==    Columns: id, billCode, productName, productDesc, productUnit, productCount, totalPrice, isPayment, providerId, createdBy, creationDate, modifyBy, modifyDate, proName
TRACE [main] 2018-06-20 17:02:09 (BaseJdbcLogger.java:165) <==        Row: 1, 6666666, 肥宅片, 乐事, 呃, 10.00, 60.00, 2, 1, 1, 2018-06-13 15:40:21.0, 1, 2018-06-04 15:40:25.0, yuxia
TRACE [main] 2018-06-20 17:02:09 (BaseJdbcLogger.java:165) <==        Row: 2, 2222222, 外婆家的薯片, 薯片, 呃, 100.00, 200.00, 1, 1, 1, 2018-05-28 16:21:57.0, 1, 2018-06-20 16:22:01.0, yuxia
TRACE [main] 2018-06-20 17:02:09 (BaseJdbcLogger.java:165) <==    Columns: id, billCode, productName, productDesc, productUnit, productCount, totalPrice, isPayment, providerId, createdBy, creationDate, modifyBy, modifyDate, proName
TRACE [main] 2018-06-20 17:02:09 (BaseJdbcLogger.java:165) <==        Row: 1, 6666666, 肥宅片, 乐事, 呃, 10.00, 60.00, 2, 1, 1, 2018-06-13 15:40:21.0, 1, 2018-06-04 15:40:25.0, yuxia
TRACE [main] 2018-06-20 17:02:09 (BaseJdbcLogger.java:165) <==        Row: 2, 2222222, 外婆家的薯片, 薯片, 呃, 100.00, 200.00, 1, 1, 1, 2018-05-28 16:21:57.0, 1, 2018-06-20 16:22:01.0, yuxia
TRACE [main] 2018-06-20 17:02:09 (BaseJdbcLogger.java:165) <==    Columns: id, billCode, productName, productDesc, productUnit, productCount, totalPrice, isPayment, providerId, createdBy, creationDate, modifyBy, modifyDate, proName
TRACE [main] 2018-06-20 17:02:09 (BaseJdbcLogger.java:165) <==        Row: 2, 2222222, 外婆家的薯片, 薯片, 呃, 100.00, 200.00, 1, 1, 1, 2018-05-28 16:21:57.0, 1, 2018-06-20 16:22:01.0, yuxia
TRACE [main] 2018-06-20 17:03:01 (BaseJdbcLogger.java:165) <==    Columns: id, billCode, productName, productDesc, productUnit, productCount, totalPrice, isPayment, providerId, createdBy, creationDate, modifyBy, modifyDate, proName
TRACE [main] 2018-06-20 17:03:01 (BaseJdbcLogger.java:165) <==        Row: 1, 6666666, 肥宅片, 乐事, 呃, 10.00, 60.00, 2, 1, 1, 2018-06-13 15:40:21.0, 1, 2018-06-04 15:40:25.0, yuxia
TRACE [main] 2018-06-20 17:03:01 (BaseJdbcLogger.java:165) <==        Row: 2, 2222222, 外婆家的薯片, 薯片, 呃, 100.00, 200.00, 1, 1, 1, 2018-05-28 16:21:57.0, 1, 2018-06-20 16:22:01.0, yuxia
TRACE [main] 2018-06-20 17:03:01 (BaseJdbcLogger.java:165) <==    Columns: id, billCode, productName, productDesc, productUnit, productCount, totalPrice, isPayment, providerId, createdBy, creationDate, modifyBy, modifyDate, proName
TRACE [main] 2018-06-20 17:03:01 (BaseJdbcLogger.java:165) <==        Row: 1, 6666666, 肥宅片, 乐事, 呃, 10.00, 60.00, 2, 1, 1, 2018-06-13 15:40:21.0, 1, 2018-06-04 15:40:25.0, yuxia
TRACE [main] 2018-06-20 17:03:01 (BaseJdbcLogger.java:165) <==        Row: 2, 2222222, 外婆家的薯片, 薯片, 呃, 100.00, 200.00, 1, 1, 1, 2018-05-28 16:21:57.0, 1, 2018-06-20 16:22:01.0, yuxia
TRACE [main] 2018-06-20 17:03:01 (BaseJdbcLogger.java:165) <==    Columns: id, billCode, productName, productDesc, productUnit, productCount, totalPrice, isPayment, providerId, createdBy, creationDate, modifyBy, modifyDate, proName
TRACE [main] 2018-06-20 17:03:01 (BaseJdbcLogger.java:165) <==        Row: 2, 2222222, 外婆家的薯片, 薯片, 呃, 100.00, 200.00, 1, 1, 1, 2018-05-28 16:21:57.0, 1, 2018-06-20 16:22:01.0, yuxia
TRACE [main] 2018-06-20 17:03:01 (BaseJdbcLogger.java:165) <==    Columns: id, billCode, productName, productDesc, productUnit, productCount, totalPrice, isPayment, providerId, createdBy, creationDate, modifyBy, modifyDate, proName
TRACE [main] 2018-06-20 17:03:01 (BaseJdbcLogger.java:165) <==        Row: 2, 2222222, 外婆家的薯片, 薯片, 呃, 100.00, 200.00, 1, 1, 1, 2018-05-28 16:21:57.0, 1, 2018-06-20 16:22:01.0, yuxia
TRACE [main] 2018-06-20 17:10:18 (BaseJdbcLogger.java:165) <==    Columns: id, billCode, productName, productDesc, productUnit, productCount, totalPrice, isPayment, providerId, createdBy, creationDate, modifyBy, modifyDate, proName
TRACE [main] 2018-06-20 17:10:18 (BaseJdbcLogger.java:165) <==        Row: 1, 6666666, 肥宅片, 乐事, 呃, 10.00, 60.00, 2, 1, 1, 2018-06-13 15:40:21.0, 1, 2018-06-04 15:40:25.0, yuxia
TRACE [main] 2018-06-20 17:10:18 (BaseJdbcLogger.java:165) <==        Row: 2, 2222222, 外婆家的薯片, 薯片, 呃, 100.00, 200.00, 1, 1, 1, 2018-05-28 16:21:57.0, 1, 2018-06-20 16:22:01.0, yuxia
TRACE [main] 2018-06-20 17:10:18 (BaseJdbcLogger.java:165) <==    Columns: id, billCode, productName, productDesc, productUnit, productCount, totalPrice, isPayment, providerId, createdBy, creationDate, modifyBy, modifyDate, proName
TRACE [main] 2018-06-20 17:10:18 (BaseJdbcLogger.java:165) <==        Row: 1, 6666666, 肥宅片, 乐事, 呃, 10.00, 60.00, 2, 1, 1, 2018-06-13 15:40:21.0, 1, 2018-06-04 15:40:25.0, yuxia
TRACE [main] 2018-06-20 17:10:18 (BaseJdbcLogger.java:165) <==        Row: 2, 2222222, 外婆家的薯片, 薯片, 呃, 100.00, 200.00, 1, 1, 1, 2018-05-28 16:21:57.0, 1, 2018-06-20 16:22:01.0, yuxia
TRACE [main] 2018-06-20 17:10:18 (BaseJdbcLogger.java:165) <==    Columns: id, billCode, productName, productDesc, productUnit, productCount, totalPrice, isPayment, providerId, createdBy, creationDate, modifyBy, modifyDate, proName
TRACE [main] 2018-06-20 17:10:18 (BaseJdbcLogger.java:165) <==        Row: 2, 2222222, 外婆家的薯片, 薯片, 呃, 100.00, 200.00, 1, 1, 1, 2018-05-28 16:21:57.0, 1, 2018-06-20 16:22:01.0, yuxia
TRACE [main] 2018-06-20 17:10:18 (BaseJdbcLogger.java:165) <==    Columns: id, billCode, productName, productDesc, productUnit, productCount, totalPrice, isPayment, providerId, createdBy, creationDate, modifyBy, modifyDate, proName
TRACE [main] 2018-06-20 17:10:18 (BaseJdbcLogger.java:165) <==        Row: 2, 2222222, 外婆家的薯片, 薯片, 呃, 100.00, 200.00, 1, 1, 1, 2018-05-28 16:21:57.0, 1, 2018-06-20 16:22:01.0, yuxia
TRACE [main] 2018-06-21 11:19:41 (BaseJdbcLogger.java:165) <==    Columns: id, billCode, productName, productDesc, productUnit, productCount, totalPrice, isPayment, providerId, createdBy, creationDate, modifyBy, modifyDate, proName
TRACE [main] 2018-06-21 11:19:41 (BaseJdbcLogger.java:165) <==        Row: 1, 6666666, 肥宅片, 乐事, 呃, 10.00, 60.00, 2, 1, 1, 2018-06-13 15:40:21.0, 1, 2018-06-04 15:40:25.0, yuxia
TRACE [main] 2018-06-21 11:19:41 (BaseJdbcLogger.java:165) <==        Row: 2, 2222222, 外婆家的薯片, 薯片, 呃, 100.00, 200.00, 1, 1, 1, 2018-05-28 16:21:57.0, 1, 2018-06-20 16:22:01.0, yuxia
TRACE [main] 2018-06-21 11:19:41 (BaseJdbcLogger.java:165) <==    Columns: id, billCode, productName, productDesc, productUnit, productCount, totalPrice, isPayment, providerId, createdBy, creationDate, modifyBy, modifyDate, proName
TRACE [main] 2018-06-21 11:19:41 (BaseJdbcLogger.java:165) <==        Row: 1, 6666666, 肥宅片, 乐事, 呃, 10.00, 60.00, 2, 1, 1, 2018-06-13 15:40:21.0, 1, 2018-06-04 15:40:25.0, yuxia
TRACE [main] 2018-06-21 11:19:41 (BaseJdbcLogger.java:165) <==        Row: 2, 2222222, 外婆家的薯片, 薯片, 呃, 100.00, 200.00, 1, 1, 1, 2018-05-28 16:21:57.0, 1, 2018-06-20 16:22:01.0, yuxia
TRACE [main] 2018-06-21 11:19:41 (BaseJdbcLogger.java:165) <==    Columns: id, billCode, productName, productDesc, productUnit, productCount, totalPrice, isPayment, providerId, createdBy, creationDate, modifyBy, modifyDate, proName
TRACE [main] 2018-06-21 11:19:41 (BaseJdbcLogger.java:165) <==        Row: 2, 2222222, 外婆家的薯片, 薯片, 呃, 100.00, 200.00, 1, 1, 1, 2018-05-28 16:21:57.0, 1, 2018-06-20 16:22:01.0, yuxia
TRACE [main] 2018-06-21 11:19:41 (BaseJdbcLogger.java:165) <==    Columns: id, billCode, productName, productDesc, productUnit, productCount, totalPrice, isPayment, providerId, createdBy, creationDate, modifyBy, modifyDate, proName
TRACE [main] 2018-06-21 11:19:41 (BaseJdbcLogger.java:165) <==        Row: 2, 2222222, 外婆家的薯片, 薯片, 呃, 100.00, 200.00, 1, 1, 1, 2018-05-28 16:21:57.0, 1, 2018-06-20 16:22:01.0, yuxia
TRACE [main] 2018-06-21 11:55:04 (BaseJdbcLogger.java:165) <==    Columns: id, userCode, userName, userPassword, gender, birthday, phone, address, userRole, createdBy, creationDate, modifyBy, modifyDate, r_id, roleCode, roleName
TRACE [main] 2018-06-21 11:55:04 (BaseJdbcLogger.java:165) <==        Row: 1, test001, 测试001, 123456, 1, 1997-07-13, 12345678910, 测试地址, 1, 1, 2018-06-20 19:30:50.0, null, null, 1, 123, 经理
TRACE [main] 2018-06-21 11:56:41 (BaseJdbcLogger.java:165) <==    Columns: id, userCode, userName, userPassword, gender, birthday, phone, address, userRole, createdBy, creationDate, modifyBy, modifyDate, r_id, roleCode, roleName
TRACE [main] 2018-06-21 11:56:41 (BaseJdbcLogger.java:165) <==        Row: 1, test001, 测试001, 123456, 1, 1997-07-13, 12345678910, 测试地址, 1, 1, 2018-06-20 19:30:50.0, null, null, 1, 123, 经理
TRACE [main] 2018-06-21 11:58:05 (BaseJdbcLogger.java:165) <==    Columns: id, userCode, userName, userPassword, gender, birthday, phone, address, userRole, createdBy, creationDate, modifyBy, modifyDate, r_id, roleCode, roleName
TRACE [main] 2018-06-21 11:58:05 (BaseJdbcLogger.java:165) <==        Row: 1, test001, 测试001, 123456, 1, 1997-07-13, 12345678910, 测试地址, 1, 1, 2018-06-20 19:30:50.0, null, null, 1, 123, 经理
TRACE [main] 2018-06-21 11:58:25 (BaseJdbcLogger.java:165) <==    Columns: id, userCode, userName, userPassword, gender, birthday, phone, address, userRole, createdBy, creationDate, modifyBy, modifyDate, r_id, roleCode, roleName
TRACE [main] 2018-06-21 11:58:25 (BaseJdbcLogger.java:165) <==        Row: 1, test001, 测试001, 123456, 1, 1997-07-13, 12345678910, 测试地址, 1, 1, 2018-06-20 19:30:50.0, null, null, 1, 123, 经理
TRACE [main] 2018-06-21 11:58:45 (BaseJdbcLogger.java:165) <==    Columns: id, userCode, userName, userPassword, gender, birthday, phone, address, userRole, createdBy, creationDate, modifyBy, modifyDate, r_id, roleCode, roleName
TRACE [main] 2018-06-21 11:58:45 (BaseJdbcLogger.java:165) <==        Row: 1, test001, 测试001, 123456, 1, 1997-07-13, 12345678910, 测试地址, 1, 1, 2018-06-20 19:30:50.0, null, null, 1, 123, 经理
TRACE [main] 2018-06-21 11:59:01 (BaseJdbcLogger.java:165) <==    Columns: id, userCode, userName, userPassword, gender, birthday, phone, address, userRole, createdBy, creationDate, modifyBy, modifyDate, r_id, roleCode, roleName
TRACE [main] 2018-06-21 11:59:01 (BaseJdbcLogger.java:165) <==        Row: 1, test001, 测试001, 123456, 1, 1997-07-13, 12345678910, 测试地址, 1, 1, 2018-06-20 19:30:50.0, null, null, 1, 123, 经理
TRACE [main] 2018-06-21 11:59:16 (BaseJdbcLogger.java:165) <==    Columns: id, userCode, userName, userPassword, gender, birthday, phone, address, userRole, createdBy, creationDate, modifyBy, modifyDate, r_id, roleCode, roleName
TRACE [main] 2018-06-21 11:59:16 (BaseJdbcLogger.java:165) <==        Row: 1, test001, 测试001, 123456, 1, 1997-07-13, 12345678910, 测试地址, 1, 1, 2018-06-20 19:30:50.0, null, null, 1, 123, 经理
TRACE [main] 2018-06-21 11:59:41 (BaseJdbcLogger.java:165) <==    Columns: id, userCode, userName, userPassword, gender, birthday, phone, address, userRole, createdBy, creationDate, modifyBy, modifyDate, r_id, roleCode, roleName
TRACE [main] 2018-06-21 11:59:41 (BaseJdbcLogger.java:165) <==        Row: 1, test001, 测试001, 123456, 1, 1997-07-13, 12345678910, 测试地址, 1, 1, 2018-06-20 19:30:50.0, null, null, 1, 123, 经理
TRACE [main] 2018-06-21 12:00:19 (BaseJdbcLogger.java:165) <==    Columns: id, userCode, userName, userPassword, gender, birthday, phone, address, userRole, createdBy, creationDate, modifyBy, modifyDate, r_id, roleCode, roleName
TRACE [main] 2018-06-21 12:00:19 (BaseJdbcLogger.java:165) <==        Row: 1, test001, 测试001, 123456, 1, 1997-07-13, 12345678910, 测试地址, 1, 1, 2018-06-20 19:30:50.0, null, null, 1, 123, 经理
TRACE [main] 2018-06-21 12:00:19 (BaseJdbcLogger.java:165) <==        Row: 2, test002, 测试002, 123456, 1, 2018-06-05, 12312312312, test, 1, 1, 2018-06-12 11:25:36.0, null, null, 1, 123, 经理
TRACE [main] 2018-06-21 12:00:34 (BaseJdbcLogger.java:165) <==    Columns: id, userCode, userName, userPassword, gender, birthday, phone, address, userRole, createdBy, creationDate, modifyBy, modifyDate, r_id, roleCode, roleName
TRACE [main] 2018-06-21 12:00:34 (BaseJdbcLogger.java:165) <==        Row: 1, test001, 测试001, 123456, 1, 1997-07-13, 12345678910, 测试地址, 1, 1, 2018-06-20 19:30:50.0, null, null, 1, 123, 经理
TRACE [main] 2018-06-21 12:00:34 (BaseJdbcLogger.java:165) <==        Row: 2, test002, 测试002, 123456, 1, 2018-06-05, 12312312312, test, 1, 1, 2018-06-12 11:25:36.0, null, null, 1, 123, 经理
TRACE [main] 2018-06-21 12:01:15 (BaseJdbcLogger.java:165) <==    Columns: id, userCode, userName, userPassword, gender, birthday, phone, address, userRole, createdBy, creationDate, modifyBy, modifyDate, r_id, roleCode, roleName
TRACE [main] 2018-06-21 12:01:15 (BaseJdbcLogger.java:165) <==        Row: 1, test001, 测试001, 123456, 1, 1997-07-13, 12345678910, 测试地址, 1, 1, 2018-06-20 19:30:50.0, null, null, 1, 123, 经理
TRACE [main] 2018-06-21 12:01:15 (BaseJdbcLogger.java:165) <==        Row: 2, test002, 测试002, 123456, 1, 2018-06-05, 12312312312, test, 1, 1, 2018-06-12 11:25:36.0, null, null, 1, 123, 经理
TRACE [main] 2018-06-21 12:01:23 (BaseJdbcLogger.java:165) <==    Columns: id, userCode, userName, userPassword, gender, birthday, phone, address, userRole, createdBy, creationDate, modifyBy, modifyDate, r_id, roleCode, roleName
TRACE [main] 2018-06-21 12:01:23 (BaseJdbcLogger.java:165) <==        Row: 1, test001, 测试001, 123456, 1, 1997-07-13, 12345678910, 测试地址, 1, 1, 2018-06-20 19:30:50.0, null, null, 1, 123, 经理
TRACE [main] 2018-06-21 12:01:23 (BaseJdbcLogger.java:165) <==        Row: 2, test002, 测试002, 123456, 1, 2018-06-05, 12312312312, test, 1, 1, 2018-06-12 11:25:36.0, null, null, 1, 123, 经理
TRACE [main] 2018-06-21 12:01:46 (BaseJdbcLogger.java:165) <==    Columns: id, userCode, userName, userPassword, gender, birthday, phone, address, userRole, createdBy, creationDate, modifyBy, modifyDate, r_id, roleCode, roleName
TRACE [main] 2018-06-21 12:01:46 (BaseJdbcLogger.java:165) <==        Row: 1, test001, 测试001, 123456, 1, 1997-07-13, 12345678910, 测试地址, 1, 1, 2018-06-20 19:30:50.0, null, null, 1, 123, 经理
TRACE [main] 2018-06-21 12:01:46 (BaseJdbcLogger.java:165) <==        Row: 2, test002, 测试002, 123456, 1, 2018-06-05, 12312312312, test, 1, 1, 2018-06-12 11:25:36.0, null, null, 1, 123, 经理
TRACE [main] 2018-06-21 14:13:35 (BaseJdbcLogger.java:165) <==    Columns: id, billCode, productName, productDesc, productUnit, productCount, totalPrice, isPayment, providerId, createdBy, creationDate, modifyBy, modifyDate, proName
TRACE [main] 2018-06-21 14:13:35 (BaseJdbcLogger.java:165) <==        Row: 1, 6666666, 肥宅片, 乐事, 呃, 10.00, 60.00, 2, 1, 1, 2018-06-13 15:40:21.0, 1, 2018-06-04 15:40:25.0, yuxia
TRACE [main] 2018-06-21 14:13:35 (BaseJdbcLogger.java:165) <==        Row: 2, 2222222, 外婆家的薯片, 薯片, 呃, 100.00, 200.00, 1, 1, 1, 2018-05-28 16:21:57.0, 1, 2018-06-20 16:22:01.0, yuxia
TRACE [main] 2018-06-21 14:13:35 (BaseJdbcLogger.java:165) <==    Columns: id, billCode, productName, productDesc, productUnit, productCount, totalPrice, isPayment, providerId, createdBy, creationDate, modifyBy, modifyDate, proName
TRACE [main] 2018-06-21 14:13:35 (BaseJdbcLogger.java:165) <==        Row: 1, 6666666, 肥宅片, 乐事, 呃, 10.00, 60.00, 2, 1, 1, 2018-06-13 15:40:21.0, 1, 2018-06-04 15:40:25.0, yuxia
TRACE [main] 2018-06-21 14:13:35 (BaseJdbcLogger.java:165) <==        Row: 2, 2222222, 外婆家的薯片, 薯片, 呃, 100.00, 200.00, 1, 1, 1, 2018-05-28 16:21:57.0, 1, 2018-06-20 16:22:01.0, yuxia
TRACE [main] 2018-06-21 14:13:35 (BaseJdbcLogger.java:165) <==    Columns: id, billCode, productName, productDesc, productUnit, productCount, totalPrice, isPayment, providerId, createdBy, creationDate, modifyBy, modifyDate, proName
TRACE [main] 2018-06-21 14:13:35 (BaseJdbcLogger.java:165) <==        Row: 2, 2222222, 外婆家的薯片, 薯片, 呃, 100.00, 200.00, 1, 1, 1, 2018-05-28 16:21:57.0, 1, 2018-06-20 16:22:01.0, yuxia
TRACE [main] 2018-06-21 14:13:35 (BaseJdbcLogger.java:165) <==    Columns: id, billCode, productName, productDesc, productUnit, productCount, totalPrice, isPayment, providerId, createdBy, creationDate, modifyBy, modifyDate, proName
TRACE [main] 2018-06-21 14:13:35 (BaseJdbcLogger.java:165) <==        Row: 2, 2222222, 外婆家的薯片, 薯片, 呃, 100.00, 200.00, 1, 1, 1, 2018-05-28 16:21:57.0, 1, 2018-06-20 16:22:01.0, yuxia
TRACE [main] 2018-06-21 14:13:56 (BaseJdbcLogger.java:165) <==    Columns: id, billCode, productName, productDesc, productUnit, productCount, totalPrice, isPayment, providerId, createdBy, creationDate, modifyBy, modifyDate, proName
TRACE [main] 2018-06-21 14:13:56 (BaseJdbcLogger.java:165) <==        Row: 1, 6666666, 肥宅片, 乐事, 呃, 10.00, 60.00, 2, 1, 1, 2018-06-13 15:40:21.0, 1, 2018-06-04 15:40:25.0, yuxia
TRACE [main] 2018-06-21 14:13:56 (BaseJdbcLogger.java:165) <==        Row: 2, 2222222, 外婆家的薯片, 薯片, 呃, 100.00, 200.00, 1, 1, 1, 2018-05-28 16:21:57.0, 1, 2018-06-20 16:22:01.0, yuxia
TRACE [main] 2018-06-21 14:13:56 (BaseJdbcLogger.java:165) <==    Columns: id, billCode, productName, productDesc, productUnit, productCount, totalPrice, isPayment, providerId, createdBy, creationDate, modifyBy, modifyDate, proName
TRACE [main] 2018-06-21 14:13:56 (BaseJdbcLogger.java:165) <==        Row: 1, 6666666, 肥宅片, 乐事, 呃, 10.00, 60.00, 2, 1, 1, 2018-06-13 15:40:21.0, 1, 2018-06-04 15:40:25.0, yuxia
TRACE [main] 2018-06-21 14:13:56 (BaseJdbcLogger.java:165) <==        Row: 2, 2222222, 外婆家的薯片, 薯片, 呃, 100.00, 200.00, 1, 1, 1, 2018-05-28 16:21:57.0, 1, 2018-06-20 16:22:01.0, yuxia
TRACE [main] 2018-06-21 14:13:56 (BaseJdbcLogger.java:165) <==    Columns: id, billCode, productName, productDesc, productUnit, productCount, totalPrice, isPayment, providerId, createdBy, creationDate, modifyBy, modifyDate, proName
TRACE [main] 2018-06-21 14:13:56 (BaseJdbcLogger.java:165) <==        Row: 2, 2222222, 外婆家的薯片, 薯片, 呃, 100.00, 200.00, 1, 1, 1, 2018-05-28 16:21:57.0, 1, 2018-06-20 16:22:01.0, yuxia
TRACE [main] 2018-06-21 14:13:56 (BaseJdbcLogger.java:165) <==    Columns: id, billCode, productName, productDesc, productUnit, productCount, totalPrice, isPayment, providerId, createdBy, creationDate, modifyBy, modifyDate, proName
TRACE [main] 2018-06-21 14:13:56 (BaseJdbcLogger.java:165) <==        Row: 2, 2222222, 外婆家的薯片, 薯片, 呃, 100.00, 200.00, 1, 1, 1, 2018-05-28 16:21:57.0, 1, 2018-06-20 16:22:01.0, yuxia
TRACE [main] 2018-06-21 14:14:45 (BaseJdbcLogger.java:165) <==    Columns: id, billCode, productName, productDesc, productUnit, productCount, totalPrice, isPayment, providerId, createdBy, creationDate, modifyBy, modifyDate, proName
TRACE [main] 2018-06-21 14:14:45 (BaseJdbcLogger.java:165) <==        Row: 1, 6666666, 肥宅片, 乐事, 呃, 10.00, 60.00, 2, 1, 1, 2018-06-13 15:40:21.0, 1, 2018-06-04 15:40:25.0, yuxia
TRACE [main] 2018-06-21 14:14:45 (BaseJdbcLogger.java:165) <==        Row: 2, 2222222, 外婆家的薯片, 薯片, 呃, 100.00, 200.00, 1, 1, 1, 2018-05-28 16:21:57.0, 1, 2018-06-20 16:22:01.0, yuxia
TRACE [main] 2018-06-21 14:14:45 (BaseJdbcLogger.java:165) <==    Columns: id, billCode, productName, productDesc, productUnit, productCount, totalPrice, isPayment, providerId, createdBy, creationDate, modifyBy, modifyDate, proName
TRACE [main] 2018-06-21 14:14:45 (BaseJdbcLogger.java:165) <==        Row: 1, 6666666, 肥宅片, 乐事, 呃, 10.00, 60.00, 2, 1, 1, 2018-06-13 15:40:21.0, 1, 2018-06-04 15:40:25.0, yuxia
TRACE [main] 2018-06-21 14:14:45 (BaseJdbcLogger.java:165) <==        Row: 2, 2222222, 外婆家的薯片, 薯片, 呃, 100.00, 200.00, 1, 1, 1, 2018-05-28 16:21:57.0, 1, 2018-06-20 16:22:01.0, yuxia
TRACE [main] 2018-06-21 14:14:45 (BaseJdbcLogger.java:165) <==    Columns: id, billCode, productName, productDesc, productUnit, productCount, totalPrice, isPayment, providerId, createdBy, creationDate, modifyBy, modifyDate, proName
TRACE [main] 2018-06-21 14:14:45 (BaseJdbcLogger.java:165) <==        Row: 2, 2222222, 外婆家的薯片, 薯片, 呃, 100.00, 200.00, 1, 1, 1, 2018-05-28 16:21:57.0, 1, 2018-06-20 16:22:01.0, yuxia
TRACE [main] 2018-06-21 14:14:45 (BaseJdbcLogger.java:165) <==    Columns: id, billCode, productName, productDesc, productUnit, productCount, totalPrice, isPayment, providerId, createdBy, creationDate, modifyBy, modifyDate, proName
TRACE [main] 2018-06-21 14:14:45 (BaseJdbcLogger.java:165) <==        Row: 2, 2222222, 外婆家的薯片, 薯片, 呃, 100.00, 200.00, 1, 1, 1, 2018-05-28 16:21:57.0, 1, 2018-06-20 16:22:01.0, yuxia
TRACE [main] 2018-06-21 14:33:00 (BaseJdbcLogger.java:165) <==    Columns: id, billCode, productName, productDesc, productUnit, productCount, totalPrice, isPayment, providerId, createdBy, creationDate, modifyBy, modifyDate, proName
TRACE [main] 2018-06-21 14:33:00 (BaseJdbcLogger.java:165) <==        Row: 1, 6666666, 肥宅片, 乐事, 呃, 10.00, 60.00, 2, 1, 1, 2018-06-13 15:40:21.0, 1, 2018-06-04 15:40:25.0, yuxia
TRACE [main] 2018-06-21 14:33:00 (BaseJdbcLogger.java:165) <==        Row: 2, 2222222, 外婆家的薯片, 薯片, 呃, 100.00, 200.00, 1, 1, 1, 2018-05-28 16:21:57.0, 1, 2018-06-20 16:22:01.0, yuxia
TRACE [main] 2018-06-21 14:33:00 (BaseJdbcLogger.java:165) <==    Columns: id, billCode, productName, productDesc, productUnit, productCount, totalPrice, isPayment, providerId, createdBy, creationDate, modifyBy, modifyDate, proName
TRACE [main] 2018-06-21 14:33:00 (BaseJdbcLogger.java:165) <==        Row: 1, 6666666, 肥宅片, 乐事, 呃, 10.00, 60.00, 2, 1, 1, 2018-06-13 15:40:21.0, 1, 2018-06-04 15:40:25.0, yuxia
TRACE [main] 2018-06-21 14:33:00 (BaseJdbcLogger.java:165) <==        Row: 2, 2222222, 外婆家的薯片, 薯片, 呃, 100.00, 200.00, 1, 1, 1, 2018-05-28 16:21:57.0, 1, 2018-06-20 16:22:01.0, yuxia
TRACE [main] 2018-06-21 14:33:00 (BaseJdbcLogger.java:165) <==    Columns: id, billCode, productName, productDesc, productUnit, productCount, totalPrice, isPayment, providerId, createdBy, creationDate, modifyBy, modifyDate, proName
TRACE [main] 2018-06-21 14:33:00 (BaseJdbcLogger.java:165) <==        Row: 2, 2222222, 外婆家的薯片, 薯片, 呃, 100.00, 200.00, 1, 1, 1, 2018-05-28 16:21:57.0, 1, 2018-06-20 16:22:01.0, yuxia
TRACE [main] 2018-06-21 14:33:00 (BaseJdbcLogger.java:165) <==    Columns: id, billCode, productName, productDesc, productUnit, productCount, totalPrice, isPayment, providerId, createdBy, creationDate, modifyBy, modifyDate, proName
TRACE [main] 2018-06-21 14:33:00 (BaseJdbcLogger.java:165) <==        Row: 2, 2222222, 外婆家的薯片, 薯片, 呃, 100.00, 200.00, 1, 1, 1, 2018-05-28 16:21:57.0, 1, 2018-06-20 16:22:01.0, yuxia
TRACE [main] 2018-06-21 14:33:41 (BaseJdbcLogger.java:165) <==    Columns: id, billCode, productName, productDesc, productUnit, productCount, totalPrice, isPayment, providerId, createdBy, creationDate, modifyBy, modifyDate, id, proCode, proName, proDesc, proContact, proPhone, proAddress, proFax, createdBy, creationDate, modifyBy, modifyDate
TRACE [main] 2018-06-21 14:33:41 (BaseJdbcLogger.java:165) <==        Row: 1, 6666666, 肥宅片, 乐事, 呃, 10.00, 60.00, 2, 1, 1, 2018-06-13 15:40:21.0, 1, 2018-06-04 15:40:25.0, 1, 123, yuxia, 卖薯片的, 雨夏, 12345678910, 江西, 111-111111, 1, 2018-06-20 10:52:15.0, 1, 2018-06-01 10:52:23.0
TRACE [main] 2018-06-21 14:49:47 (BaseJdbcLogger.java:165) <==    Columns: id, proCode, proName, proDesc, proContact, proPhone, proAddress, proFax, createdBy, creationDate, modifyBy, modifyDate, billCode, productName, totalPrice, isPayment
TRACE [main] 2018-06-21 14:49:47 (BaseJdbcLogger.java:165) <==        Row: 1, 123, yuxia, 卖薯片的, 雨夏, 12345678910, 江西, 111-111111, 1, 2018-06-20 10:52:15.0, 1, 2018-06-01 10:52:23.0, 6666666, 肥宅片, 60.00, 2
TRACE [main] 2018-06-21 14:49:47 (BaseJdbcLogger.java:165) <==        Row: 1, 123, yuxia, 卖薯片的, 雨夏, 12345678910, 江西, 111-111111, 1, 2018-06-20 10:52:15.0, 1, 2018-06-01 10:52:23.0, 2222222, 外婆家的薯片, 200.00, 1
TRACE [main] 2018-06-21 14:51:37 (BaseJdbcLogger.java:165) <==    Columns: id, proCode, proName, proDesc, proContact, proPhone, proAddress, proFax, createdBy, creationDate, modifyBy, modifyDate, billCode, productName, totalPrice, isPayment
TRACE [main] 2018-06-21 14:51:37 (BaseJdbcLogger.java:165) <==        Row: 1, 123, yuxia, 卖薯片的, 雨夏, 12345678910, 江西, 111-111111, 1, 2018-06-20 10:52:15.0, 1, 2018-06-01 10:52:23.0, 6666666, 肥宅片, 60.00, 2
TRACE [main] 2018-06-21 14:51:37 (BaseJdbcLogger.java:165) <==        Row: 1, 123, yuxia, 卖薯片的, 雨夏, 12345678910, 江西, 111-111111, 1, 2018-06-20 10:52:15.0, 1, 2018-06-01 10:52:23.0, 2222222, 外婆家的薯片, 200.00, 1
TRACE [main] 2018-06-21 15:15:53 (BaseJdbcLogger.java:165) <==    Columns: id, proCode, proName, proDesc, proContact, proPhone, proAddress, proFax, createdBy, creationDate, modifyBy, modifyDate
TRACE [main] 2018-06-21 15:15:53 (BaseJdbcLogger.java:165) <==        Row: 1, 123, yuxia, 卖薯片的, 雨夏, 12345678910, 江西, 111-111111, 1, 2018-06-20 10:52:15.0, 1, 2018-06-01 10:52:23.0
TRACE [main] 2018-06-21 15:15:53 (BaseJdbcLogger.java:165) <==    Columns: id, proCode, proName, proDesc, proContact, proPhone, proAddress, proFax, createdBy, creationDate, modifyBy, modifyDate
TRACE [main] 2018-06-21 15:15:53 (BaseJdbcLogger.java:165) <==        Row: 1, 123, yuxia, 卖薯片的, 雨夏, 12345678910, 江西, 111-111111, 1, 2018-06-20 10:52:15.0, 1, 2018-06-01 10:52:23.0
TRACE [main] 2018-06-21 15:15:53 (BaseJdbcLogger.java:165) <==        Row: 2, 222, xl, 卖西瓜的, 雨夏, 223333333, 南昌, 1111111-111, 1, 2018-06-06 16:20:18.0, 1, 2018-06-27 16:20:22.0
TRACE [main] 2018-06-21 15:15:53 (BaseJdbcLogger.java:165) <==    Columns: id, proCode, proName, proDesc, proContact, proPhone, proAddress, proFax, createdBy, creationDate, modifyBy, modifyDate
TRACE [main] 2018-06-21 15:15:53 (BaseJdbcLogger.java:165) <==        Row: 1, 123, yuxia, 卖薯片的, 雨夏, 12345678910, 江西, 111-111111, 1, 2018-06-20 10:52:15.0, 1, 2018-06-01 10:52:23.0
TRACE [main] 2018-06-21 15:15:53 (BaseJdbcLogger.java:165) <==    Columns: id, proCode, proName, proDesc, proContact, proPhone, proAddress, proFax, createdBy, creationDate, modifyBy, modifyDate, billCode, productName, totalPrice, isPayment
TRACE [main] 2018-06-21 15:15:53 (BaseJdbcLogger.java:165) <==        Row: 1, 123, yuxia, 卖薯片的, 雨夏, 12345678910, 江西, 111-111111, 1, 2018-06-20 10:52:15.0, 1, 2018-06-01 10:52:23.0, 6666666, 肥宅片, 60.00, 2
TRACE [main] 2018-06-21 15:15:53 (BaseJdbcLogger.java:165) <==        Row: 1, 123, yuxia, 卖薯片的, 雨夏, 12345678910, 江西, 111-111111, 1, 2018-06-20 10:52:15.0, 1, 2018-06-01 10:52:23.0, 2222222, 外婆家的薯片, 200.00, 1
TRACE [main] 2018-06-21 15:15:59 (BaseJdbcLogger.java:165) <==    Columns: id, proCode, proName, proDesc, proContact, proPhone, proAddress, proFax, createdBy, creationDate, modifyBy, modifyDate, billCode, productName, totalPrice, isPayment
TRACE [main] 2018-06-21 15:15:59 (BaseJdbcLogger.java:165) <==        Row: 1, 123, yuxia, 卖薯片的, 雨夏, 12345678910, 江西, 111-111111, 1, 2018-06-20 10:52:15.0, 1, 2018-06-01 10:52:23.0, 6666666, 肥宅片, 60.00, 2
TRACE [main] 2018-06-21 15:15:59 (BaseJdbcLogger.java:165) <==        Row: 1, 123, yuxia, 卖薯片的, 雨夏, 12345678910, 江西, 111-111111, 1, 2018-06-20 10:52:15.0, 1, 2018-06-01 10:52:23.0, 2222222, 外婆家的薯片, 200.00, 1
TRACE [main] 2018-06-21 15:18:45 (BaseJdbcLogger.java:165) <==    Columns: id, proCode, proName, proDesc, proContact, proPhone, proAddress, proFax, createdBy, creationDate, modifyBy, modifyDate, billCode, productName, totalPrice, isPayment
TRACE [main] 2018-06-21 15:18:45 (BaseJdbcLogger.java:165) <==        Row: 1, 123, yuxia, 卖薯片的, 雨夏, 12345678910, 江西, 111-111111, 1, 2018-06-20 10:52:15.0, 1, 2018-06-01 10:52:23.0, 6666666, 肥宅片, 60.00, 2
TRACE [main] 2018-06-21 15:18:45 (BaseJdbcLogger.java:165) <==        Row: 1, 123, yuxia, 卖薯片的, 雨夏, 12345678910, 江西, 111-111111, 1, 2018-06-20 10:52:15.0, 1, 2018-06-01 10:52:23.0, 2222222, 外婆家的薯片, 200.00, 1
TRACE [main] 2018-06-21 15:19:18 (BaseJdbcLogger.java:165) <==    Columns: id, proCode, proName, proDesc, proContact, proPhone, proAddress, proFax, createdBy, creationDate, modifyBy, modifyDate, billCode, productName, totalPrice, isPayment
TRACE [main] 2018-06-21 15:19:18 (BaseJdbcLogger.java:165) <==        Row: 1, 123, yuxia, 卖薯片的, 雨夏, 12345678910, 江西, 111-111111, 1, 2018-06-20 10:52:15.0, 1, 2018-06-01 10:52:23.0, 6666666, 肥宅片, 60.00, 2
TRACE [main] 2018-06-21 15:19:18 (BaseJdbcLogger.java:165) <==        Row: 1, 123, yuxia, 卖薯片的, 雨夏, 12345678910, 江西, 111-111111, 1, 2018-06-20 10:52:15.0, 1, 2018-06-01 10:52:23.0, 2222222, 外婆家的薯片, 200.00, 1
TRACE [main] 2018-06-21 15:20:01 (BaseJdbcLogger.java:165) <==    Columns: id, proCode, proName, proDesc, proContact, proPhone, proAddress, proFax, createdBy, creationDate, modifyBy, modifyDate
TRACE [main] 2018-06-21 15:20:01 (BaseJdbcLogger.java:165) <==        Row: 1, 123, yuxia, 卖薯片的, 雨夏, 12345678910, 江西, 111-111111, 1, 2018-06-20 10:52:15.0, 1, 2018-06-01 10:52:23.0
TRACE [main] 2018-06-21 15:20:14 (BaseJdbcLogger.java:165) <==    Columns: id, proCode, proName, proDesc, proContact, proPhone, proAddress, proFax, createdBy, creationDate, modifyBy, modifyDate
TRACE [main] 2018-06-21 15:20:14 (BaseJdbcLogger.java:165) <==        Row: 1, 123, yuxia, 卖薯片的, 雨夏, 12345678910, 江西, 111-111111, 1, 2018-06-20 10:52:15.0, 1, 2018-06-01 10:52:23.0
TRACE [main] 2018-06-21 15:26:30 (BaseJdbcLogger.java:165) <==    Columns: id, billCode, productName, productDesc, productUnit, productCount, totalPrice, isPayment, providerId, createdBy, creationDate, modifyBy, modifyDate, proName
TRACE [main] 2018-06-21 15:26:30 (BaseJdbcLogger.java:165) <==        Row: 1, 6666666, 肥宅片, 乐事, 呃, 10.00, 60.00, 2, 1, 1, 2018-06-13 15:40:21.0, 1, 2018-06-04 15:40:25.0, yuxia
TRACE [main] 2018-06-21 15:26:30 (BaseJdbcLogger.java:165) <==        Row: 2, 2222222, 外婆家的薯片, 薯片, 呃, 100.00, 200.00, 1, 1, 1, 2018-05-28 16:21:57.0, 1, 2018-06-20 16:22:01.0, yuxia
TRACE [main] 2018-06-21 15:26:30 (BaseJdbcLogger.java:165) <==    Columns: id, billCode, productName, productDesc, productUnit, productCount, totalPrice, isPayment, providerId, createdBy, creationDate, modifyBy, modifyDate, proName
TRACE [main] 2018-06-21 15:26:30 (BaseJdbcLogger.java:165) <==        Row: 1, 6666666, 肥宅片, 乐事, 呃, 10.00, 60.00, 2, 1, 1, 2018-06-13 15:40:21.0, 1, 2018-06-04 15:40:25.0, yuxia
TRACE [main] 2018-06-21 15:26:30 (BaseJdbcLogger.java:165) <==        Row: 2, 2222222, 外婆家的薯片, 薯片, 呃, 100.00, 200.00, 1, 1, 1, 2018-05-28 16:21:57.0, 1, 2018-06-20 16:22:01.0, yuxia
TRACE [main] 2018-06-21 15:26:30 (BaseJdbcLogger.java:165) <==    Columns: id, billCode, productName, productDesc, productUnit, productCount, totalPrice, isPayment, providerId, createdBy, creationDate, modifyBy, modifyDate, proName
TRACE [main] 2018-06-21 15:26:30 (BaseJdbcLogger.java:165) <==        Row: 2, 2222222, 外婆家的薯片, 薯片, 呃, 100.00, 200.00, 1, 1, 1, 2018-05-28 16:21:57.0, 1, 2018-06-20 16:22:01.0, yuxia
TRACE [main] 2018-06-21 15:26:30 (BaseJdbcLogger.java:165) <==    Columns: id, billCode, productName, productDesc, productUnit, productCount, totalPrice, isPayment, providerId, createdBy, creationDate, modifyBy, modifyDate, proName
TRACE [main] 2018-06-21 15:26:30 (BaseJdbcLogger.java:165) <==        Row: 2, 2222222, 外婆家的薯片, 薯片, 呃, 100.00, 200.00, 1, 1, 1, 2018-05-28 16:21:57.0, 1, 2018-06-20 16:22:01.0, yuxia
TRACE [main] 2018-06-21 15:26:57 (BaseJdbcLogger.java:165) <==    Columns: id, billCode, productName, productDesc, productUnit, productCount, totalPrice, isPayment, providerId, createdBy, creationDate, modifyBy, modifyDate, proName
TRACE [main] 2018-06-21 15:26:57 (BaseJdbcLogger.java:165) <==        Row: 1, 6666666, 肥宅片, 乐事, 呃, 10.00, 60.00, 2, 1, 1, 2018-06-13 15:40:21.0, 1, 2018-06-04 15:40:25.0, yuxia
TRACE [main] 2018-06-21 15:26:57 (BaseJdbcLogger.java:165) <==        Row: 2, 2222222, 外婆家的薯片, 薯片, 呃, 100.00, 200.00, 1, 1, 1, 2018-05-28 16:21:57.0, 1, 2018-06-20 16:22:01.0, yuxia
TRACE [main] 2018-06-21 15:26:57 (BaseJdbcLogger.java:165) <==    Columns: id, billCode, productName, productDesc, productUnit, productCount, totalPrice, isPayment, providerId, createdBy, creationDate, modifyBy, modifyDate, proName
TRACE [main] 2018-06-21 15:26:57 (BaseJdbcLogger.java:165) <==        Row: 1, 6666666, 肥宅片, 乐事, 呃, 10.00, 60.00, 2, 1, 1, 2018-06-13 15:40:21.0, 1, 2018-06-04 15:40:25.0, yuxia
TRACE [main] 2018-06-21 15:26:57 (BaseJdbcLogger.java:165) <==        Row: 2, 2222222, 外婆家的薯片, 薯片, 呃, 100.00, 200.00, 1, 1, 1, 2018-05-28 16:21:57.0, 1, 2018-06-20 16:22:01.0, yuxia
TRACE [main] 2018-06-21 15:26:57 (BaseJdbcLogger.java:165) <==    Columns: id, billCode, productName, productDesc, productUnit, productCount, totalPrice, isPayment, providerId, createdBy, creationDate, modifyBy, modifyDate, proName
TRACE [main] 2018-06-21 15:26:57 (BaseJdbcLogger.java:165) <==        Row: 2, 2222222, 外婆家的薯片, 薯片, 呃, 100.00, 200.00, 1, 1, 1, 2018-05-28 16:21:57.0, 1, 2018-06-20 16:22:01.0, yuxia
TRACE [main] 2018-06-21 15:26:57 (BaseJdbcLogger.java:165) <==    Columns: id, billCode, productName, productDesc, productUnit, productCount, totalPrice, isPayment, providerId, createdBy, creationDate, modifyBy, modifyDate, proName
TRACE [main] 2018-06-21 15:26:57 (BaseJdbcLogger.java:165) <==        Row: 2, 2222222, 外婆家的薯片, 薯片, 呃, 100.00, 200.00, 1, 1, 1, 2018-05-28 16:21:57.0, 1, 2018-06-20 16:22:01.0, yuxia
TRACE [main] 2018-06-21 15:30:28 (BaseJdbcLogger.java:165) <==    Columns: id, billCode, productName, productDesc, productUnit, productCount, totalPrice, isPayment, providerId, createdBy, creationDate, modifyBy, modifyDate, id, proCode, proName, proDesc, proContact, proPhone, proAddress, proFax, createdBy, creationDate, modifyBy, modifyDate
TRACE [main] 2018-06-21 15:30:28 (BaseJdbcLogger.java:165) <==        Row: 1, 6666666, 肥宅片, 乐事, 呃, 10.00, 60.00, 2, 1, 1, 2018-06-13 15:40:21.0, 1, 2018-06-04 15:40:25.0, 1, 123, yuxia, 卖薯片的, 雨夏, 12345678910, 江西, 111-111111, 1, 2018-06-20 10:52:15.0, 1, 2018-06-01 10:52:23.0
TRACE [main] 2018-06-21 15:30:47 (BaseJdbcLogger.java:165) <==    Columns: id, proCode, proName, proDesc, proContact, proPhone, proAddress, proFax, createdBy, creationDate, modifyBy, modifyDate, billCode, productName, totalPrice, isPayment
TRACE [main] 2018-06-21 15:30:47 (BaseJdbcLogger.java:165) <==        Row: 1, 123, yuxia, 卖薯片的, 雨夏, 12345678910, 江西, 111-111111, 1, 2018-06-20 10:52:15.0, 1, 2018-06-01 10:52:23.0, 6666666, 肥宅片, 60.00, 2
TRACE [main] 2018-06-21 15:30:47 (BaseJdbcLogger.java:165) <==        Row: 1, 123, yuxia, 卖薯片的, 雨夏, 12345678910, 江西, 111-111111, 1, 2018-06-20 10:52:15.0, 1, 2018-06-01 10:52:23.0, 2222222, 外婆家的薯片, 200.00, 1
TRACE [main] 2018-06-21 15:34:31 (BaseJdbcLogger.java:165) <==    Columns: id, proCode, proName, proDesc, proContact, proPhone, proAddress, proFax, createdBy, creationDate, modifyBy, modifyDate, billCode, productName, totalPrice, isPayment
TRACE [main] 2018-06-21 15:34:31 (BaseJdbcLogger.java:165) <==        Row: 1, 123, yuxia, 卖薯片的, 雨夏, 12345678910, 江西, 111-111111, 1, 2018-06-20 10:52:15.0, 1, 2018-06-01 10:52:23.0, 6666666, 肥宅片, 60.00, 2
TRACE [main] 2018-06-21 15:34:31 (BaseJdbcLogger.java:165) <==        Row: 1, 123, yuxia, 卖薯片的, 雨夏, 12345678910, 江西, 111-111111, 1, 2018-06-20 10:52:15.0, 1, 2018-06-01 10:52:23.0, 2222222, 外婆家的薯片, 200.00, 1
TRACE [main] 2018-06-21 15:56:23 (BaseJdbcLogger.java:165) <==    Columns: id, userCode, userName, userPassword, gender, birthday, phone, address, userRole, createdBy, creationDate, modifyBy, modifyDate, r_id, roleCode, roleName
TRACE [main] 2018-06-21 15:56:23 (BaseJdbcLogger.java:165) <==        Row: 1, test001, 测试001, 123456, 1, 1997-07-13, 12345678910, 测试地址, 1, 1, 2018-06-20 19:30:50.0, null, null, 1, 123, 经理
TRACE [main] 2018-06-21 15:56:23 (BaseJdbcLogger.java:165) <==        Row: 2, test002, 测试002, 123456, 1, 2018-06-05, 12312312312, test, 1, 1, 2018-06-12 11:25:36.0, null, null, 1, 123, 经理
TRACE [main] 2018-06-21 15:57:48 (BaseJdbcLogger.java:165) <==    Columns: id, userCode, userName, userPassword, gender, birthday, phone, address, userRole, createdBy, creationDate, modifyBy, modifyDate, r_id, roleCode, roleName
TRACE [main] 2018-06-21 15:57:48 (BaseJdbcLogger.java:165) <==        Row: 1, test001, 测试001, 123456, 1, 1997-07-13, 12345678910, 测试地址, 1, 1, 2018-06-20 19:30:50.0, null, null, 1, 123, 经理
TRACE [main] 2018-06-21 15:57:54 (BaseJdbcLogger.java:165) <==    Columns: id, userCode, userName, userPassword, gender, birthday, phone, address, userRole, createdBy, creationDate, modifyBy, modifyDate, r_id, roleCode, roleName
TRACE [main] 2018-06-21 15:57:54 (BaseJdbcLogger.java:165) <==        Row: 1, test001, 测试001, 123456, 1, 1997-07-13, 12345678910, 测试地址, 1, 1, 2018-06-20 19:30:50.0, null, null, 1, 123, 经理
TRACE [main] 2018-06-21 15:57:54 (BaseJdbcLogger.java:165) <==        Row: 2, test002, 测试002, 123456, 1, 2018-06-05, 12312312312, test, 1, 1, 2018-06-12 11:25:36.0, null, null, 1, 123, 经理
TRACE [main] 2018-06-21 15:58:15 (BaseJdbcLogger.java:165) <==    Columns: id, userCode, userName, userPassword, gender, birthday, phone, address, userRole, createdBy, creationDate, modifyBy, modifyDate, r_id, roleCode, roleName
TRACE [main] 2018-06-21 15:58:15 (BaseJdbcLogger.java:165) <==        Row: 1, test001, 测试001, 123456, 1, 1997-07-13, 12345678910, 测试地址, 1, 1, 2018-06-20 19:30:50.0, null, null, 1, 123, 经理
TRACE [main] 2018-06-21 16:04:44 (BaseJdbcLogger.java:165) <==    Columns: id, userCode, userName, userPassword, gender, birthday, phone, address, userRole, createdBy, creationDate, modifyBy, modifyDate, r_id, roleCode, roleName
TRACE [main] 2018-06-21 16:04:44 (BaseJdbcLogger.java:165) <==        Row: 1, test001, 测试001, 123456, 1, 1997-07-13, 12345678910, 测试地址, 1, 1, 2018-06-20 19:30:50.0, null, null, 1, 123, 经理
TRACE [main] 2018-06-21 16:05:00 (BaseJdbcLogger.java:165) <==    Columns: id, userCode, userName, userPassword, gender, birthday, phone, address, userRole, createdBy, creationDate, modifyBy, modifyDate, r_id, roleCode, roleName
TRACE [main] 2018-06-21 16:05:00 (BaseJdbcLogger.java:165) <==        Row: 1, test001, 测试001, 123456, 1, 1997-07-13, 12345678910, 测试地址, 1, 1, 2018-06-20 19:30:50.0, null, null, 1, 123, 经理
TRACE [main] 2018-06-21 16:05:34 (BaseJdbcLogger.java:165) <==    Columns: id, userCode, userName, userPassword, gender, birthday, phone, address, userRole, createdBy, creationDate, modifyBy, modifyDate, r_id, roleCode, roleName
TRACE [main] 2018-06-21 16:05:34 (BaseJdbcLogger.java:165) <==        Row: 1, test001, 测试001, 123456, 1, 1997-07-13, 12345678910, 测试地址, 1, 1, 2018-06-20 19:30:50.0, null, null, 1, 123, 经理
TRACE [main] 2018-06-21 16:05:34 (BaseJdbcLogger.java:165) <==        Row: 2, test002, 测试002, 123456, 1, 2018-06-05, 12312312312, test, 1, 1, 2018-06-12 11:25:36.0, null, null, 1, 123, 经理
TRACE [main] 2018-06-21 16:05:43 (BaseJdbcLogger.java:165) <==    Columns: id, userCode, userName, userPassword, gender, birthday, phone, address, userRole, createdBy, creationDate, modifyBy, modifyDate, r_id, roleCode, roleName
TRACE [main] 2018-06-21 16:05:43 (BaseJdbcLogger.java:165) <==        Row: 1, test001, 测试001, 123456, 1, 1997-07-13, 12345678910, 测试地址, 1, 1, 2018-06-20 19:30:50.0, null, null, 1, 123, 经理
TRACE [main] 2018-06-21 16:05:43 (BaseJdbcLogger.java:165) <==        Row: 2, test002, 测试002, 123456, 1, 2018-06-05, 12312312312, test, 1, 1, 2018-06-12 11:25:36.0, null, null, 1, 123, 经理
TRACE [main] 2018-06-21 16:05:56 (BaseJdbcLogger.java:165) <==    Columns: id, userCode, userName, userPassword, gender, birthday, phone, address, userRole, createdBy, creationDate, modifyBy, modifyDate, r_id, roleCode, roleName
TRACE [main] 2018-06-21 16:05:56 (BaseJdbcLogger.java:165) <==        Row: 1, test001, 测试001, 123456, 1, 1997-07-13, 12345678910, 测试地址, 1, 1, 2018-06-20 19:30:50.0, null, null, 1, 123, 经理
TRACE [main] 2018-06-21 16:06:42 (BaseJdbcLogger.java:165) <==    Columns: id, userCode, userName, userPassword, gender, birthday, phone, address, userRole, createdBy, creationDate, modifyBy, modifyDate, r_id, roleCode, roleName
TRACE [main] 2018-06-21 16:06:42 (BaseJdbcLogger.java:165) <==        Row: 1, test001, 测试001, 123456, 1, 1997-07-13, 12345678910, 测试地址, 1, 1, 2018-06-20 19:30:50.0, null, null, 1, 123, 经理
TRACE [main] 2018-06-21 16:06:49 (BaseJdbcLogger.java:165) <==    Columns: id, userCode, userName, userPassword, gender, birthday, phone, address, userRole, createdBy, creationDate, modifyBy, modifyDate, r_id, roleCode, roleName
TRACE [main] 2018-06-21 16:06:49 (BaseJdbcLogger.java:165) <==        Row: 1, test001, 测试001, 123456, 1, 1997-07-13, 12345678910, 测试地址, 1, 1, 2018-06-20 19:30:50.0, null, null, 1, 123, 经理
TRACE [main] 2018-06-21 16:06:49 (BaseJdbcLogger.java:165) <==        Row: 2, test002, 测试002, 123456, 1, 2018-06-05, 12312312312, test, 1, 1, 2018-06-12 11:25:36.0, null, null, 1, 123, 经理
TRACE [main] 2018-06-21 16:09:39 (BaseJdbcLogger.java:165) <==    Columns: id, userCode, userName, userPassword, gender, birthday, phone, address, userRole, createdBy, creationDate, modifyBy, modifyDate, r_id, roleCode, roleName
TRACE [main] 2018-06-21 16:09:39 (BaseJdbcLogger.java:165) <==        Row: 1, test001, 测试001, 123456, 1, 1997-07-13, 12345678910, 测试地址, 1, 1, 2018-06-20 19:30:50.0, null, null, 1, 123, 经理
TRACE [main] 2018-06-21 16:09:39 (BaseJdbcLogger.java:165) <==        Row: 2, test002, 测试002, 123456, 1, 2018-06-05, 12312312312, test, 1, 1, 2018-06-12 11:25:36.0, null, null, 1, 123, 经理
TRACE [main] 2018-06-21 16:11:03 (BaseJdbcLogger.java:165) <==    Columns: id, userCode, userName, userPassword, gender, birthday, phone, address, userRole, createdBy, creationDate, modifyBy, modifyDate, r_id, roleCode, roleName
TRACE [main] 2018-06-21 16:11:03 (BaseJdbcLogger.java:165) <==        Row: 1, test001, 测试001, 123456, 1, 1997-07-13, 12345678910, 测试地址, 1, 1, 2018-06-20 19:30:50.0, null, null, 1, 123, 经理
TRACE [main] 2018-06-21 16:11:03 (BaseJdbcLogger.java:165) <==        Row: 2, test002, 测试002, 123456, 1, 2018-06-05, 12312312312, test, 1, 1, 2018-06-12 11:25:36.0, null, null, 1, 123, 经理
TRACE [main] 2018-06-21 16:11:58 (BaseJdbcLogger.java:165) <==    Columns: id, userCode, userName, userPassword, gender, birthday, phone, address, userRole, createdBy, creationDate, modifyBy, modifyDate, r_id, roleCode, roleName
TRACE [main] 2018-06-21 16:11:58 (BaseJdbcLogger.java:165) <==        Row: 1, test001, 测试001, 123456, 1, 1997-07-13, 12345678910, 测试地址, 1, 1, 2018-06-20 19:30:50.0, null, null, 1, 123, 经理
TRACE [main] 2018-06-21 16:11:58 (BaseJdbcLogger.java:165) <==        Row: 1, test001, 测试001, 123456, 1, 1997-07-13, 12345678910, 测试地址, 1, 1, 2018-06-20 19:30:50.0, null, null, 2, 222, CEO
TRACE [main] 2018-06-21 16:11:58 (BaseJdbcLogger.java:165) <==        Row: 2, test002, 测试002, 123456, 1, 2018-06-05, 12312312312, test, 1, 1, 2018-06-12 11:25:36.0, null, null, 1, 123, 经理
TRACE [main] 2018-06-21 16:11:58 (BaseJdbcLogger.java:165) <==        Row: 2, test002, 测试002, 123456, 1, 2018-06-05, 12312312312, test, 1, 1, 2018-06-12 11:25:36.0, null, null, 2, 222, CEO
TRACE [main] 2018-06-21 16:11:58 (BaseJdbcLogger.java:165) <==        Row: 3, test001, 测试001, 123456, 1, 1997-07-13, 12345678910, 测试地址, null, 1, 2018-06-21 11:34:54.0, null, null, 1, 123, 经理
TRACE [main] 2018-06-21 16:11:58 (BaseJdbcLogger.java:165) <==        Row: 3, test001, 测试001, 123456, 1, 1997-07-13, 12345678910, 测试地址, null, 1, 2018-06-21 11:34:54.0, null, null, 2, 222, CEO
TRACE [main] 2018-06-21 16:12:35 (BaseJdbcLogger.java:165) <==    Columns: id, userCode, userName, userPassword, gender, birthday, phone, address, userRole, createdBy, creationDate, modifyBy, modifyDate, r_id, roleCode, roleName
TRACE [main] 2018-06-21 16:12:35 (BaseJdbcLogger.java:165) <==        Row: 1, test001, 测试001, 123456, 1, 1997-07-13, 12345678910, 测试地址, 1, 1, 2018-06-20 19:30:50.0, null, null, 1, 123, 经理
TRACE [main] 2018-06-21 16:12:35 (BaseJdbcLogger.java:165) <==        Row: 1, test001, 测试001, 123456, 1, 1997-07-13, 12345678910, 测试地址, 1, 1, 2018-06-20 19:30:50.0, null, null, 2, 222, CEO
TRACE [main] 2018-06-21 16:12:35 (BaseJdbcLogger.java:165) <==        Row: 2, test002, 测试002, 123456, 1, 2018-06-05, 12312312312, test, 1, 1, 2018-06-12 11:25:36.0, null, null, 1, 123, 经理
TRACE [main] 2018-06-21 16:12:35 (BaseJdbcLogger.java:165) <==        Row: 2, test002, 测试002, 123456, 1, 2018-06-05, 12312312312, test, 1, 1, 2018-06-12 11:25:36.0, null, null, 2, 222, CEO
TRACE [main] 2018-06-21 16:12:35 (BaseJdbcLogger.java:165) <==        Row: 3, test001, 测试001, 123456, 1, 1997-07-13, 12345678910, 测试地址, null, 1, 2018-06-21 11:34:54.0, null, null, 1, 123, 经理
TRACE [main] 2018-06-21 16:12:35 (BaseJdbcLogger.java:165) <==        Row: 3, test001, 测试001, 123456, 1, 1997-07-13, 12345678910, 测试地址, null, 1, 2018-06-21 11:34:54.0, null, null, 2, 222, CEO
TRACE [main] 2018-06-21 16:12:57 (BaseJdbcLogger.java:165) <==    Columns: id, userCode, userName, userPassword, gender, birthday, phone, address, userRole, createdBy, creationDate, modifyBy, modifyDate, r_id, roleCode, roleName
TRACE [main] 2018-06-21 16:12:57 (BaseJdbcLogger.java:165) <==        Row: 1, test001, 测试001, 123456, 1, 1997-07-13, 12345678910, 测试地址, 1, 1, 2018-06-20 19:30:50.0, null, null, 1, 123, 经理
TRACE [main] 2018-06-21 16:12:57 (BaseJdbcLogger.java:165) <==        Row: 2, test002, 测试002, 123456, 1, 2018-06-05, 12312312312, test, 1, 1, 2018-06-12 11:25:36.0, null, null, 1, 123, 经理
TRACE [main] 2018-06-21 16:12:57 (BaseJdbcLogger.java:165) <==        Row: 1, test001, 测试001, 123456, 1, 1997-07-13, 12345678910, 测试地址, 1, 1, 2018-06-20 19:30:50.0, null, null, 2, 222, CEO
TRACE [main] 2018-06-21 16:12:57 (BaseJdbcLogger.java:165) <==        Row: 2, test002, 测试002, 123456, 1, 2018-06-05, 12312312312, test, 1, 1, 2018-06-12 11:25:36.0, null, null, 2, 222, CEO
TRACE [main] 2018-06-21 16:15:01 (BaseJdbcLogger.java:165) <==    Columns: id, userCode, userName, userPassword, gender, birthday, phone, address, userRole, createdBy, creationDate, modifyBy, modifyDate, r_id, roleCode, roleName
TRACE [main] 2018-06-21 16:15:01 (BaseJdbcLogger.java:165) <==        Row: 1, test001, 测试001, 123456, 1, 1997-07-13, 12345678910, 测试地址, 1, 1, 2018-06-20 19:30:50.0, null, null, 1, 123, 经理
TRACE [main] 2018-06-21 16:15:01 (BaseJdbcLogger.java:165) <==        Row: 2, test002, 测试002, 123456, 1, 2018-06-05, 12312312312, test, 1, 1, 2018-06-12 11:25:36.0, null, null, 1, 123, 经理
TRACE [main] 2018-06-21 16:37:58 (BaseJdbcLogger.java:165) <==    Columns: id, userCode, userName, userPassword, gender, birthday, phone, address, userRole, createdBy, creationDate, modifyBy, modifyDate
TRACE [main] 2018-06-21 16:37:58 (BaseJdbcLogger.java:165) <==        Row: 1, test001, 测试001, 123456, 1, 1997-07-13, 12345678910, 测试地址, 1, 1, 2018-06-20 19:30:50.0, null, null
TRACE [main] 2018-06-21 16:37:58 (BaseJdbcLogger.java:165) <==        Row: 2, test002, 测试002, 123456, 1, 2018-06-05, 12312312312, test, 1, 1, 2018-06-12 11:25:36.0, null, null
TRACE [main] 2018-06-21 16:38:43 (BaseJdbcLogger.java:165) <==    Columns: id, userCode, userName, userPassword, gender, birthday, phone, address, userRole, createdBy, creationDate, modifyBy, modifyDate
TRACE [main] 2018-06-21 16:38:43 (BaseJdbcLogger.java:165) <==        Row: 1, test001, 测试001, 123456, 1, 1997-07-13, 12345678910, 测试地址, 1, 1, 2018-06-20 19:30:50.0, null, null
TRACE [main] 2018-06-21 16:38:43 (BaseJdbcLogger.java:165) <==        Row: 2, test002, 测试002, 123456, 1, 2018-06-05, 12312312312, test, 1, 1, 2018-06-12 11:25:36.0, null, null
TRACE [main] 2018-06-21 16:38:48 (BaseJdbcLogger.java:165) <==    Columns: id, userCode, userName, userPassword, gender, birthday, phone, address, userRole, createdBy, creationDate, modifyBy, modifyDate
TRACE [main] 2018-06-21 16:38:48 (BaseJdbcLogger.java:165) <==        Row: 1, test001, 测试001, 123456, 1, 1997-07-13, 12345678910, 测试地址, 1, 1, 2018-06-20 19:30:50.0, null, null
TRACE [main] 2018-06-21 16:38:48 (BaseJdbcLogger.java:165) <==        Row: 2, test002, 测试002, 123456, 1, 2018-06-05, 12312312312, test, 1, 1, 2018-06-12 11:25:36.0, null, null
TRACE [main] 2018-06-21 17:06:35 (BaseJdbcLogger.java:165) <==    Columns: id, userCode, userName, userPassword, gender, birthday, phone, address, userRole, createdBy, creationDate, modifyBy, modifyDate
TRACE [main] 2018-06-21 17:06:35 (BaseJdbcLogger.java:165) <==        Row: 1, test001, 测试001, 123456, 1, 1997-07-13, 12345678910, 测试地址, 1, 1, 2018-06-20 19:30:50.0, null, null
TRACE [main] 2018-06-21 17:06:35 (BaseJdbcLogger.java:165) <==        Row: 3, test001, 测试001, 123456, 1, 1997-07-13, 12345678910, 测试地址, null, 1, 2018-06-21 11:34:54.0, null, null
TRACE [main] 2018-06-21 17:08:16 (BaseJdbcLogger.java:165) <==    Columns: id, userCode, userName, userPassword, gender, birthday, phone, address, userRole, createdBy, creationDate, modifyBy, modifyDate
TRACE [main] 2018-06-21 17:08:16 (BaseJdbcLogger.java:165) <==        Row: 1, test001, 测试001, 123456, 1, 1997-07-13, 12345678910, 测试地址, 1, 1, 2018-06-20 19:30:50.0, null, null
TRACE [main] 2018-06-21 17:08:27 (BaseJdbcLogger.java:165) <==    Columns: id, userCode, userName, userPassword, gender, birthday, phone, address, userRole, createdBy, creationDate, modifyBy, modifyDate
TRACE [main] 2018-06-21 17:08:27 (BaseJdbcLogger.java:165) <==        Row: 1, test001, 测试001, 123456, 1, 1997-07-13, 12345678910, 测试地址, 1, 1, 2018-06-20 19:30:50.0, null, null
TRACE [main] 2018-06-21 17:08:27 (BaseJdbcLogger.java:165) <==        Row: 2, test002, 测试002, 123456, 1, 2018-06-05, 12312312312, test, 1, 1, 2018-06-12 11:25:36.0, null, null
TRACE [main] 2018-06-21 17:18:47 (BaseJdbcLogger.java:165) <==    Columns: id, userCode, userName, userPassword, gender, birthday, phone, address, userRole, createdBy, creationDate, modifyBy, modifyDate
TRACE [main] 2018-06-21 17:18:47 (BaseJdbcLogger.java:165) <==        Row: 1, test001, 测试001, 123456, 1, 1997-07-13, 12345678910, 测试地址, 1, 1, 2018-06-20 19:30:50.0, null, null
TRACE [main] 2018-06-21 17:18:47 (BaseJdbcLogger.java:165) <==        Row: 2, test002, 测试002, 123456, 1, 2018-06-05, 12312312312, test, 1, 1, 2018-06-12 11:25:36.0, null, null
TRACE [main] 2018-06-21 17:18:58 (BaseJdbcLogger.java:165) <==    Columns: id, userCode, userName, userPassword, gender, birthday, phone, address, userRole, createdBy, creationDate, modifyBy, modifyDate
TRACE [main] 2018-06-21 17:18:58 (BaseJdbcLogger.java:165) <==        Row: 1, test001, 测试001, 123456, 1, 1997-07-13, 12345678910, 测试地址, 1, 1, 2018-06-20 19:30:50.0, null, null
TRACE [main] 2018-06-21 17:34:15 (BaseJdbcLogger.java:165) <==    Columns: id, userCode, userName, userPassword, gender, birthday, phone, address, userRole, createdBy, creationDate, modifyBy, modifyDate, r_id, roleCode, roleName
TRACE [main] 2018-06-21 17:34:15 (BaseJdbcLogger.java:165) <==        Row: 1, test001, 测试001, 123456, 1, 1997-07-13, 12345678910, 测试地址, 1, 1, 2018-06-20 19:30:50.0, null, null, 1, 123, 经理
TRACE [main] 2018-06-21 17:34:25 (BaseJdbcLogger.java:165) <==    Columns: id, userCode, userName, userPassword, gender, birthday, phone, address, userRole, createdBy, creationDate, modifyBy, modifyDate, r_id, roleCode, roleName
TRACE [main] 2018-06-21 17:34:25 (BaseJdbcLogger.java:165) <==        Row: 1, test001, 测试001, 123456, 1, 1997-07-13, 12345678910, 测试地址, 1, 1, 2018-06-20 19:30:50.0, null, null, 1, 123, 经理
TRACE [main] 2018-06-21 17:34:59 (BaseJdbcLogger.java:165) <==    Columns: id, userCode, userName, userPassword, gender, birthday, phone, address, userRole, createdBy, creationDate, modifyBy, modifyDate, r_id, roleCode, roleName
TRACE [main] 2018-06-21 17:34:59 (BaseJdbcLogger.java:165) <==        Row: 1, test001, 测试001, 123456, 1, 1997-07-13, 12345678910, 测试地址, 1, 1, 2018-06-20 19:30:50.0, null, null, 1, 123, 经理
TRACE [main] 2018-06-21 17:34:59 (BaseJdbcLogger.java:165) <==        Row: 2, test002, 测试002, 123456, 1, 2018-06-05, 12312312312, test, 1, 1, 2018-06-12 11:25:36.0, null, null, 1, 123, 经理
TRACE [main] 2018-06-21 17:35:06 (BaseJdbcLogger.java:165) <==    Columns: id, userCode, userName, userPassword, gender, birthday, phone, address, userRole, createdBy, creationDate, modifyBy, modifyDate, r_id, roleCode, roleName
TRACE [main] 2018-06-21 17:35:06 (BaseJdbcLogger.java:165) <==        Row: 2, test002, 测试002, 123456, 1, 2018-06-05, 12312312312, test, 1, 1, 2018-06-12 11:25:36.0, null, null, 1, 123, 经理
TRACE [main] 2018-06-21 17:35:17 (BaseJdbcLogger.java:165) <==    Columns: id, userCode, userName, userPassword, gender, birthday, phone, address, userRole, createdBy, creationDate, modifyBy, modifyDate, r_id, roleCode, roleName
TRACE [main] 2018-06-21 17:35:17 (BaseJdbcLogger.java:165) <==        Row: 1, test001, 测试001, 123456, 1, 1997-07-13, 12345678910, 测试地址, 1, 1, 2018-06-20 19:30:50.0, null, null, 1, 123, 经理
TRACE [main] 2018-06-25 09:52:53 (BaseJdbcLogger.java:165) <==    Columns: id, userCode, userName, userPassword, gender, birthday, phone, address, userRole, createdBy, creationDate, modifyBy, modifyDate, r_id, roleCode, roleName
TRACE [main] 2018-06-25 09:52:53 (BaseJdbcLogger.java:165) <==        Row: 1, test001, 测试001, 123456, 1, 1997-07-13, 12345678910, 测试地址, 1, 1, 2018-06-20 19:30:50.0, null, null, 1, 123, 经理
TRACE [main] 2018-06-25 09:53:03 (BaseJdbcLogger.java:165) <==    Columns: id, userCode, userName, userPassword, gender, birthday, phone, address, userRole, createdBy, creationDate, modifyBy, modifyDate, r_id, roleCode, roleName
TRACE [main] 2018-06-25 09:53:03 (BaseJdbcLogger.java:165) <==        Row: 1, test001, 测试001, 123456, 1, 1997-07-13, 12345678910, 测试地址, 1, 1, 2018-06-20 19:30:50.0, null, null, 1, 123, 经理
